Starting org.bukkit.craftbukkit.Main
2025-09-20T20:49:28.150141657Z ServerMain WARN Advanced terminal features are not available in this environment
[20:49:28 INFO]: [bootstrap] Running Java 21 (OpenJDK 64-Bit Server VM 21.0.8+9-LTS; Eclipse Adoptium Temurin-21.0.8+9) on Linux 6.11.0-1018-azure (amd64)
[20:49:28 INFO]: [bootstrap] Loading Purpur 1.21.8-2497-HEAD@a49cdb9 (2025-09-19T01:51:04Z) for Minecraft 1.21.8
[20:49:29 INFO]: [PluginInitializerManager] Initializing plugins...
[20:49:30 INFO]: [PluginInitializerManager] Initialized 4 plugins
[20:49:30 INFO]: [PluginInitializerManager] Bukkit plugins (4):
 - ScheduledStop (1.0.0), ViaBackwards (5.4.2), ViaVersion (5.4.2), playit-gg (0.1.4)
[20:49:35 INFO]: Environment: Environment[sessionHost=https://sessionserver.mojang.com, servicesHost=https://api.minecraftservices.com, name=PROD]
[20:49:37 INFO]: Loaded 1407 recipes
[20:49:37 INFO]: Loaded 1520 advancements
[20:49:37 INFO]: [ca.spottedleaf.dataconverter.minecraft.datatypes.MCTypeRegistry] Initialising converters for DataConverter...
[20:49:37 INFO]: [ca.spottedleaf.dataconverter.minecraft.datatypes.MCTypeRegistry] Finished initialising converters for DataConverter in 532.7ms
[20:49:38 INFO]: Starting minecraft server version 1.21.8
[20:49:38 INFO]: Loading properties
[20:49:38 INFO]: This server is running Purpur version 1.21.8-2497-HEAD@a49cdb9 (2025-09-19T01:51:04Z) (Implementing API version 1.21.8-R0.1-SNAPSHOT)
[20:49:38 INFO]: [spark] This server bundles the spark profiler. For more information please visit https://docs.papermc.io/paper/profiling
[20:49:38 INFO]: Server Ping Player Sample Count: 12
[20:49:38 INFO]: Using 4 threads for Netty based IO
[20:49:39 INFO]: [MoonriseCommon] Paper is using 1 worker threads, 1 I/O threads
[20:49:39 INFO]: [ChunkTaskScheduler] Chunk system is using population gen parallelism: true
[20:49:39 INFO]: Default game type: SURVIVAL
[20:49:39 INFO]: Generating keypair
[20:49:39 INFO]: Starting Minecraft server on *:25565
[20:49:39 INFO]: Using epoll channel type
[20:49:39 INFO]: Paper: Using libdeflate (Linux x86_64) compression from Velocity.
[20:49:39 INFO]: Paper: Using OpenSSL 3.x.x (Linux x86_64) cipher from Velocity.
[20:49:40 INFO]: [ViaVersion] Loading server plugin ViaVersion v5.4.2
[20:49:40 INFO]: [ViaVersion] ViaVersion 5.4.2 is now loaded. Registering protocol transformers and injecting...
[20:49:40 INFO]: [ViaVersion] Loading block connection mappings ...
[20:49:40 INFO]: [ViaVersion] Using FastUtil Long2ObjectOpenHashMap for block connections
[20:49:41 INFO]: [ViaBackwards] Loading translations...
[20:49:41 INFO]: [ViaBackwards] Registering protocols...
[20:49:41 INFO]: [ScheduledStop] Loading server plugin ScheduledStop v1.0.0
[20:49:41 INFO]: [playit-gg] Loading server plugin playit-gg v0.1.4
[20:49:41 INFO]: [ViaBackwards] Loading server plugin ViaBackwards v5.4.2
[20:49:41 INFO]: Server permissions file permissions.yml is empty, ignoring it
[20:49:41 INFO]: Preparing level "world"
[20:49:42 INFO]: Preparing start region for dimension minecraft:overworld
[20:49:42 INFO]: Preparing spawn area: 0%
[20:49:43 INFO]: Preparing spawn area: 18%
[20:49:43 INFO]: Time elapsed: 909 ms
[20:49:43 INFO]: Preparing start region for dimension minecraft:the_nether
[20:49:43 INFO]: Preparing spawn area: 0%
[20:49:43 INFO]: Time elapsed: 230 ms
[20:49:43 INFO]: Preparing start region for dimension minecraft:the_end
[20:49:43 INFO]: Preparing spawn area: 0%
[20:49:43 INFO]: Time elapsed: 133 ms
[20:49:43 INFO]: [ViaVersion] Enabling ViaVersion v5.4.2
[20:49:43 INFO]: [ViaVersion] ViaVersion detected server version: 1.21.7-1.21.8 (772)
[20:49:43 INFO]: [ScheduledStop] Enabling ScheduledStop v1.0.0
[20:49:43 INFO]: [ScheduledStop] ShutdownTimer aktiviert.
[20:49:43 INFO]: [playit-gg] Enabling playit-gg v0.1.4
[20:49:44 INFO]: [ViaBackwards] Enabling ViaBackwards v5.4.2
[20:49:44 INFO]: [gg.playit.minecraft.PlayitKeysSetup] secret key found, checking
[20:49:44 INFO]: [gg.playit.minecraft.PlayitKeysSetup] check secret
[20:49:44 INFO]: [gg.playit.minecraft.PlayitKeysSetup] found minecraft java tunnel: solutions-nn.gl.joinmc.link
[20:49:44 INFO]: [gg.playit.minecraft.PlayitManager] keys and tunnel setup
[20:49:44 INFO]: playit.gg: tunnel setup
[20:49:44 INFO]: playit.gg: solutions-nn.gl.joinmc.link
[20:49:44 WARN]: [gg.playit.control.ChannelSetup] Got IO error working with :control.playit.gg/2602:fbaf:804:2:0:0:0:1, error : java.net.SocketException: Network is unreachable
[20:49:44 INFO]: [gg.playit.control.ChannelSetup] request queued, waiting 1 second before resend
[20:49:44 INFO]: [spark] Starting background profiler...
[20:49:45 INFO]: Done preparing level "world" (3.402s)
[20:49:45 INFO]: Running delayed init tasks
[20:49:45 INFO]: Done (18.793s)! For help, type "help"
[20:49:45 INFO]: [ViaVersion] Finished mapping loading, shutting down loader executor.
[20:49:59 INFO]: [gg.playit.minecraft.PlayitManager] got new client: NewClient{connectAddr=147.185.221.19:63112, peerAddr=94.134.105.176:11989, claimAddress=209.25.140.2:43784, claimToken=[44, 0, 68, -109, -71, -35, 19, -10, -120, 94, -122, 105, -80, 46, -43, 9, -85, 49, 46, -85, 8, 104, -49, 19, 119, 0, 0, 0, 0, 0, 24, 72, 43, 0, 0, 0, 0, 0, 76, -113, 86, 0, 0, 0, 0, 0, 35, -48, 31, 63, 46, -85, 8, 0, 0, 0, 0, 38, 0, 0, 0, 0, 0, 0, 0, 1, 0, 3, -15, -20, 19, 2, -10, 48, -120, 68, -2, -21, -106, -44, 29, 19, -45, 68], tunnelServerId=1, dataCenterId=38}
[20:49:59 INFO]: [gg.playit.minecraft.PlayitManager] starting tcp tunnel for client
[20:49:59 INFO]: [gg.playit.minecraft.PlayitTcpTunnel] start connection to /209.25.140.2:43784 to claim client
[20:49:59 INFO]: [gg.playit.minecraft.PlayitTcpTunnel] connected to tunnel server, sending claim token
[20:50:00 INFO]: [gg.playit.minecraft.PlayitTcpTunnel] claim token sent
[20:50:00 INFO]: [gg.playit.minecraft.PlayitTcpTunnel] connection to tunnel server has been established
[20:50:00 INFO]: [gg.playit.minecraft.PlayitTcpTunnel] Reflect: ReflectionHelper{ServerConnection=class net.minecraft.server.network.ServerConnectionListener, LegacyPingHandler=class net.minecraft.server.network.LegacyQueryHandler, MinecraftServer=class net.minecraft.server.MinecraftServer, PacketSplitter=class net.minecraft.network.Varint21FrameDecoder, PacketDecoder=class net.minecraft.network.PacketDecoder, EnumProtocolDirection=class net.minecraft.network.protocol.PacketFlow, PacketPrepender=class net.minecraft.network.Varint21LengthFieldPrepender, PacketEncoder=class net.minecraft.network.PacketEncoder, NetworkManagerServer=class net.minecraft.network.RateKickingConnection, NetworkManager=class net.minecraft.network.Connection, HandshakeListener=class net.minecraft.server.network.ServerHandshakePacketListenerImpl, PacketListener=interface net.minecraft.network.PacketListener, CraftServer=class org.bukkit.craftbukkit.CraftServer}
[20:50:00 INFO]: [gg.playit.minecraft.PlayitTcpTunnel] legacyPingHandler is null
[20:50:00 INFO]: [gg.playit.minecraft.PlayitTcpTunnel] connecting to minecraft server at localhost/127.0.0.1:25565
[20:50:00 INFO]: [gg.playit.minecraft.PlayitTcpTunnel] connected to local minecraft server
[20:50:00 WARN]: [io.netty.channel.DefaultChannelPipeline] An exceptionCaught() event was fired, and it reached at the tail of the pipeline. It usually means the last handler in the pipeline did not handle the exception.
java.net.SocketException: Connection reset
	at java.base/sun.nio.ch.SocketChannelImpl.throwConnectionReset(SocketChannelImpl.java:401) ~[?:?]
	at java.base/sun.nio.ch.SocketChannelImpl.read(SocketChannelImpl.java:434) ~[?:?]
	at io.netty.buffer.PooledByteBuf.setBytes(PooledByteBuf.java:255) ~[netty-buffer-4.1.118.Final.jar:4.1.118.Final]
	at io.netty.buffer.AbstractByteBuf.writeBytes(AbstractByteBuf.java:1132) ~[netty-buffer-4.1.118.Final.jar:4.1.118.Final]
	at io.netty.channel.socket.nio.NioSocketChannel.doReadBytes(NioSocketChannel.java:356) ~[netty-transport-4.1.118.Final.jar:4.1.118.Final]
	at io.netty.channel.nio.AbstractNioByteChannel$NioByteUnsafe.read(AbstractNioByteChannel.java:151) ~[netty-transport-4.1.118.Final.jar:4.1.118.Final]
	at io.netty.channel.nio.NioEventLoop.processSelectedKey(NioEventLoop.java:796) ~[netty-transport-4.1.118.Final.jar:4.1.118.Final]
	at io.netty.channel.nio.NioEventLoop.processSelectedKeysOptimized(NioEventLoop.java:732) ~[netty-transport-4.1.118.Final.jar:4.1.118.Final]
	at io.netty.channel.nio.NioEventLoop.processSelectedKeys(NioEventLoop.java:658) ~[netty-transport-4.1.118.Final.jar:4.1.118.Final]
	at io.netty.channel.nio.NioEventLoop.run(NioEventLoop.java:562) ~[netty-transport-4.1.118.Final.jar:4.1.118.Final]
	at io.netty.util.concurrent.SingleThreadEventExecutor$4.run(SingleThreadEventExecutor.java:998) ~[netty-common-4.1.118.Final.jar:4.1.118.Final]
	at io.netty.util.internal.ThreadExecutorMap$2.run(ThreadExecutorMap.java:74) ~[netty-common-4.1.118.Final.jar:4.1.118.Final]
	at io.netty.util.concurrent.FastThreadLocalRunnable.run(FastThreadLocalRunnable.java:30) ~[netty-common-4.1.118.Final.jar:4.1.118.Final]
	at java.base/java.lang.Thread.run(Thread.java:1583) ~[?:?]
[20:50:01 INFO]: [gg.playit.minecraft.PlayitManager] got new client: NewClient{connectAddr=147.185.221.19:63112, peerAddr=94.134.105.176:11992, claimAddress=209.25.140.2:43784, claimToken=[44, 0, 68, -109, -71, -35, 19, -10, -120, 94, -122, 105, -80, 46, -40, -36, -41, -25, 61, -85, 8, 104, -49, 19, 121, 0, 0, 0, 0, 0, 24, 72, 43, 0, 0, 0, 0, 0, 76, -113, 86, 0, 0, 0, 0, 0, 35, -48, 31, 100, 61, -85, 8, 0, 0, 0, 0, 36, 0, 0, 0, 0, 0, 0, 0, 1, 0, 2, 106, -107, -112, 85, 49, 32, 73, -125, 87, -116, -31, 120, -30, 112, 92, -31], tunnelServerId=1, dataCenterId=36}
[20:50:01 INFO]: [gg.playit.minecraft.PlayitManager] starting tcp tunnel for client
[20:50:01 INFO]: [gg.playit.minecraft.PlayitTcpTunnel] start connection to /209.25.140.2:43784 to claim client
[20:50:01 INFO]: [gg.playit.minecraft.PlayitTcpTunnel] connected to tunnel server, sending claim token
[20:50:01 INFO]: [gg.playit.minecraft.PlayitTcpTunnel] claim token sent
[20:50:01 INFO]: [gg.playit.minecraft.PlayitTcpTunnel] connection to tunnel server has been established
[20:50:01 INFO]: [gg.playit.minecraft.PlayitTcpTunnel] Reflect: ReflectionHelper{ServerConnection=class net.minecraft.server.network.ServerConnectionListener, LegacyPingHandler=class net.minecraft.server.network.LegacyQueryHandler, MinecraftServer=class net.minecraft.server.MinecraftServer, PacketSplitter=class net.minecraft.network.Varint21FrameDecoder, PacketDecoder=class net.minecraft.network.PacketDecoder, EnumProtocolDirection=class net.minecraft.network.protocol.PacketFlow, PacketPrepender=class net.minecraft.network.Varint21LengthFieldPrepender, PacketEncoder=class net.minecraft.network.PacketEncoder, NetworkManagerServer=class net.minecraft.network.RateKickingConnection, NetworkManager=class net.minecraft.network.Connection, HandshakeListener=class net.minecraft.server.network.ServerHandshakePacketListenerImpl, PacketListener=interface net.minecraft.network.PacketListener, CraftServer=class org.bukkit.craftbukkit.CraftServer}
[20:50:01 INFO]: [gg.playit.minecraft.PlayitTcpTunnel] legacyPingHandler is null
[20:50:01 INFO]: [gg.playit.minecraft.PlayitTcpTunnel] connecting to minecraft server at localhost/127.0.0.1:25565
[20:50:01 INFO]: [gg.playit.minecraft.PlayitTcpTunnel] connected to local minecraft server
[20:50:02 WARN]: [io.netty.channel.DefaultChannelPipeline] An exceptionCaught() event was fired, and it reached at the tail of the pipeline. It usually means the last handler in the pipeline did not handle the exception.
java.net.SocketException: Connection reset
	at java.base/sun.nio.ch.SocketChannelImpl.throwConnectionReset(SocketChannelImpl.java:401) ~[?:?]
	at java.base/sun.nio.ch.SocketChannelImpl.read(SocketChannelImpl.java:434) ~[?:?]
	at io.netty.buffer.PooledByteBuf.setBytes(PooledByteBuf.java:255) ~[netty-buffer-4.1.118.Final.jar:4.1.118.Final]
	at io.netty.buffer.AbstractByteBuf.writeBytes(AbstractByteBuf.java:1132) ~[netty-buffer-4.1.118.Final.jar:4.1.118.Final]
	at io.netty.channel.socket.nio.NioSocketChannel.doReadBytes(NioSocketChannel.java:356) ~[netty-transport-4.1.118.Final.jar:4.1.118.Final]
	at io.netty.channel.nio.AbstractNioByteChannel$NioByteUnsafe.read(AbstractNioByteChannel.java:151) ~[netty-transport-4.1.118.Final.jar:4.1.118.Final]
	at io.netty.channel.nio.NioEventLoop.processSelectedKey(NioEventLoop.java:796) ~[netty-transport-4.1.118.Final.jar:4.1.118.Final]
	at io.netty.channel.nio.NioEventLoop.processSelectedKeysOptimized(NioEventLoop.java:732) ~[netty-transport-4.1.118.Final.jar:4.1.118.Final]
	at io.netty.channel.nio.NioEventLoop.processSelectedKeys(NioEventLoop.java:658) ~[netty-transport-4.1.118.Final.jar:4.1.118.Final]
	at io.netty.channel.nio.NioEventLoop.run(NioEventLoop.java:562) ~[netty-transport-4.1.118.Final.jar:4.1.118.Final]
	at io.netty.util.concurrent.SingleThreadEventExecutor$4.run(SingleThreadEventExecutor.java:998) ~[netty-common-4.1.118.Final.jar:4.1.118.Final]
	at io.netty.util.internal.ThreadExecutorMap$2.run(ThreadExecutorMap.java:74) ~[netty-common-4.1.118.Final.jar:4.1.118.Final]
	at io.netty.util.concurrent.FastThreadLocalRunnable.run(FastThreadLocalRunnable.java:30) ~[netty-common-4.1.118.Final.jar:4.1.118.Final]
	at java.base/java.lang.Thread.run(Thread.java:1583) ~[?:?]
[20:50:03 INFO]: [gg.playit.minecraft.PlayitManager] got new client: NewClient{connectAddr=147.185.221.19:63112, peerAddr=94.134.105.176:12002, claimAddress=209.25.140.2:43784, claimToken=[44, 0, 68, -109, -71, -35, 19, -10, -120, 94, -122, 105, -80, 46, -30, 91, 50, 62, 102, -85, 8, 104, -49, 19, 123, 0, 0, 0, 0, 0, 24, 72, 43, 0, 0, 0, 0, 0, 76, -113, 86, 0, 0, 0, 0, 0, 35, -48, 31, -22, 102, -85, 8, 0, 0, 0, 0, 38, 0, 0, 0, 0, 0, 0, 0, 1, 0, 2, 76, 13, 7, -124, 119, 19, -98, 107, -53, 22, -89, 97, 47, 11, 122, -95], tunnelServerId=1, dataCenterId=38}
[20:50:03 INFO]: [gg.playit.minecraft.PlayitManager] starting tcp tunnel for client
[20:50:03 INFO]: [gg.playit.minecraft.PlayitTcpTunnel] start connection to /209.25.140.2:43784 to claim client
[20:50:03 INFO]: [gg.playit.minecraft.PlayitTcpTunnel] connected to tunnel server, sending claim token
[20:50:03 INFO]: [gg.playit.minecraft.PlayitTcpTunnel] claim token sent
[20:50:03 INFO]: [gg.playit.minecraft.PlayitTcpTunnel] connection to tunnel server has been established
[20:50:03 INFO]: [gg.playit.minecraft.PlayitTcpTunnel] Reflect: ReflectionHelper{ServerConnection=class net.minecraft.server.network.ServerConnectionListener, LegacyPingHandler=class net.minecraft.server.network.LegacyQueryHandler, MinecraftServer=class net.minecraft.server.MinecraftServer, PacketSplitter=class net.minecraft.network.Varint21FrameDecoder, PacketDecoder=class net.minecraft.network.PacketDecoder, EnumProtocolDirection=class net.minecraft.network.protocol.PacketFlow, PacketPrepender=class net.minecraft.network.Varint21LengthFieldPrepender, PacketEncoder=class net.minecraft.network.PacketEncoder, NetworkManagerServer=class net.minecraft.network.RateKickingConnection, NetworkManager=class net.minecraft.network.Connection, HandshakeListener=class net.minecraft.server.network.ServerHandshakePacketListenerImpl, PacketListener=interface net.minecraft.network.PacketListener, CraftServer=class org.bukkit.craftbukkit.CraftServer}
[20:50:03 INFO]: [gg.playit.minecraft.PlayitTcpTunnel] legacyPingHandler is null
[20:50:03 INFO]: [gg.playit.minecraft.PlayitTcpTunnel] connecting to minecraft server at localhost/127.0.0.1:25565
[20:50:03 INFO]: [gg.playit.minecraft.PlayitTcpTunnel] connected to local minecraft server
[20:50:04 WARN]: [io.netty.channel.DefaultChannelPipeline] An exceptionCaught() event was fired, and it reached at the tail of the pipeline. It usually means the last handler in the pipeline did not handle the exception.
java.net.SocketException: Connection reset
	at java.base/sun.nio.ch.SocketChannelImpl.throwConnectionReset(SocketChannelImpl.java:401) ~[?:?]
	at java.base/sun.nio.ch.SocketChannelImpl.read(SocketChannelImpl.java:434) ~[?:?]
	at io.netty.buffer.PooledByteBuf.setBytes(PooledByteBuf.java:255) ~[netty-buffer-4.1.118.Final.jar:4.1.118.Final]
	at io.netty.buffer.AbstractByteBuf.writeBytes(AbstractByteBuf.java:1132) ~[netty-buffer-4.1.118.Final.jar:4.1.118.Final]
	at io.netty.channel.socket.nio.NioSocketChannel.doReadBytes(NioSocketChannel.java:356) ~[netty-transport-4.1.118.Final.jar:4.1.118.Final]
	at io.netty.channel.nio.AbstractNioByteChannel$NioByteUnsafe.read(AbstractNioByteChannel.java:151) ~[netty-transport-4.1.118.Final.jar:4.1.118.Final]
	at io.netty.channel.nio.NioEventLoop.processSelectedKey(NioEventLoop.java:796) ~[netty-transport-4.1.118.Final.jar:4.1.118.Final]
	at io.netty.channel.nio.NioEventLoop.processSelectedKeysOptimized(NioEventLoop.java:732) ~[netty-transport-4.1.118.Final.jar:4.1.118.Final]
	at io.netty.channel.nio.NioEventLoop.processSelectedKeys(NioEventLoop.java:658) ~[netty-transport-4.1.118.Final.jar:4.1.118.Final]
	at io.netty.channel.nio.NioEventLoop.run(NioEventLoop.java:562) ~[netty-transport-4.1.118.Final.jar:4.1.118.Final]
	at io.netty.util.concurrent.SingleThreadEventExecutor$4.run(SingleThreadEventExecutor.java:998) ~[netty-common-4.1.118.Final.jar:4.1.118.Final]
	at io.netty.util.internal.ThreadExecutorMap$2.run(ThreadExecutorMap.java:74) ~[netty-common-4.1.118.Final.jar:4.1.118.Final]
	at io.netty.util.concurrent.FastThreadLocalRunnable.run(FastThreadLocalRunnable.java:30) ~[netty-common-4.1.118.Final.jar:4.1.118.Final]
	at java.base/java.lang.Thread.run(Thread.java:1583) ~[?:?]
[20:50:07 INFO]: [gg.playit.minecraft.PlayitManager] got new client: NewClient{connectAddr=147.185.221.19:63112, peerAddr=94.134.105.176:12009, claimAddress=209.25.140.2:43784, claimToken=[44, 0, 68, -109, -71, -35, 19, -10, -120, 94, -122, 105, -80, 46, -23, -53, -110, -106, -90, -85, 8, 104, -49, 19, 127, 0, 0, 0, 0, 0, 24, 72, 43, 0, 0, 0, 0, 0, 76, -113, 86, 0, 0, 0, 0, 0, 35, -48, 31, -87, -90, -85, 8, 0, 0, 0, 0, 38, 0, 0, 0, 0, 0, 0, 0, 1, 0, 2, 20, -119, 29, 58, 32, -110, 15, -35, -98, -9, -108, 47, 66, -101, -84, -85], tunnelServerId=1, dataCenterId=38}
[20:50:07 INFO]: [gg.playit.minecraft.PlayitManager] starting tcp tunnel for client
[20:50:07 INFO]: [gg.playit.minecraft.PlayitTcpTunnel] start connection to /209.25.140.2:43784 to claim client
[20:50:07 INFO]: [gg.playit.minecraft.PlayitTcpTunnel] connected to tunnel server, sending claim token
[20:50:07 INFO]: [gg.playit.minecraft.PlayitTcpTunnel] claim token sent
[20:50:07 INFO]: [gg.playit.minecraft.PlayitTcpTunnel] connection to tunnel server has been established
[20:50:07 INFO]: [gg.playit.minecraft.PlayitTcpTunnel] Reflect: ReflectionHelper{ServerConnection=class net.minecraft.server.network.ServerConnectionListener, LegacyPingHandler=class net.minecraft.server.network.LegacyQueryHandler, MinecraftServer=class net.minecraft.server.MinecraftServer, PacketSplitter=class net.minecraft.network.Varint21FrameDecoder, PacketDecoder=class net.minecraft.network.PacketDecoder, EnumProtocolDirection=class net.minecraft.network.protocol.PacketFlow, PacketPrepender=class net.minecraft.network.Varint21LengthFieldPrepender, PacketEncoder=class net.minecraft.network.PacketEncoder, NetworkManagerServer=class net.minecraft.network.RateKickingConnection, NetworkManager=class net.minecraft.network.Connection, HandshakeListener=class net.minecraft.server.network.ServerHandshakePacketListenerImpl, PacketListener=interface net.minecraft.network.PacketListener, CraftServer=class org.bukkit.craftbukkit.CraftServer}
[20:50:07 INFO]: [gg.playit.minecraft.PlayitTcpTunnel] legacyPingHandler is null
[20:50:07 INFO]: [gg.playit.minecraft.PlayitTcpTunnel] connecting to minecraft server at localhost/127.0.0.1:25565
[20:50:07 INFO]: [gg.playit.minecraft.PlayitTcpTunnel] connected to local minecraft server
[20:50:07 WARN]: [io.netty.channel.DefaultChannelPipeline] An exceptionCaught() event was fired, and it reached at the tail of the pipeline. It usually means the last handler in the pipeline did not handle the exception.
java.net.SocketException: Connection reset
	at java.base/sun.nio.ch.SocketChannelImpl.throwConnectionReset(SocketChannelImpl.java:401) ~[?:?]
	at java.base/sun.nio.ch.SocketChannelImpl.read(SocketChannelImpl.java:434) ~[?:?]
	at io.netty.buffer.PooledByteBuf.setBytes(PooledByteBuf.java:255) ~[netty-buffer-4.1.118.Final.jar:4.1.118.Final]
	at io.netty.buffer.AbstractByteBuf.writeBytes(AbstractByteBuf.java:1132) ~[netty-buffer-4.1.118.Final.jar:4.1.118.Final]
	at io.netty.channel.socket.nio.NioSocketChannel.doReadBytes(NioSocketChannel.java:356) ~[netty-transport-4.1.118.Final.jar:4.1.118.Final]
	at io.netty.channel.nio.AbstractNioByteChannel$NioByteUnsafe.read(AbstractNioByteChannel.java:151) ~[netty-transport-4.1.118.Final.jar:4.1.118.Final]
	at io.netty.channel.nio.NioEventLoop.processSelectedKey(NioEventLoop.java:796) ~[netty-transport-4.1.118.Final.jar:4.1.118.Final]
	at io.netty.channel.nio.NioEventLoop.processSelectedKeysOptimized(NioEventLoop.java:732) ~[netty-transport-4.1.118.Final.jar:4.1.118.Final]
	at io.netty.channel.nio.NioEventLoop.processSelectedKeys(NioEventLoop.java:658) ~[netty-transport-4.1.118.Final.jar:4.1.118.Final]
	at io.netty.channel.nio.NioEventLoop.run(NioEventLoop.java:562) ~[netty-transport-4.1.118.Final.jar:4.1.118.Final]
	at io.netty.util.concurrent.SingleThreadEventExecutor$4.run(SingleThreadEventExecutor.java:998) ~[netty-common-4.1.118.Final.jar:4.1.118.Final]
	at io.netty.util.internal.ThreadExecutorMap$2.run(ThreadExecutorMap.java:74) ~[netty-common-4.1.118.Final.jar:4.1.118.Final]
	at io.netty.util.concurrent.FastThreadLocalRunnable.run(FastThreadLocalRunnable.java:30) ~[netty-common-4.1.118.Final.jar:4.1.118.Final]
	at java.base/java.lang.Thread.run(Thread.java:1583) ~[?:?]
[20:50:10 INFO]: [gg.playit.minecraft.PlayitManager] got new client: NewClient{connectAddr=147.185.221.19:63112, peerAddr=94.134.105.176:12011, claimAddress=209.25.140.2:43784, claimToken=[44, 0, 68, -109, -71, -35, 19, -10, -120, 94, -122, 105, -80, 46, -21, -79, -26, -68, 5, -85, 8, 104, -49, 19, -126, 0, 0, 0, 0, 0, 24, 72, 43, 0, 0, 0, 0, 0, 76, -113, 86, 0, 0, 0, 0, 0, 35, -48, 31, 57, 5, -85, 8, 0, 0, 0, 0, 38, 0, 0, 0, 0, 0, 0, 0, 1, 0, 0, -75, 67, -74, 85, -81, 11, 49, -112, -123, -1, -51, -45, 77, -17, 111, -11], tunnelServerId=1, dataCenterId=38}
[20:50:10 INFO]: [gg.playit.minecraft.PlayitManager] starting tcp tunnel for client
[20:50:10 INFO]: [gg.playit.minecraft.PlayitTcpTunnel] start connection to /209.25.140.2:43784 to claim client
[20:50:10 INFO]: [gg.playit.minecraft.PlayitTcpTunnel] connected to tunnel server, sending claim token
[20:50:10 INFO]: [gg.playit.minecraft.PlayitTcpTunnel] claim token sent
[20:50:10 INFO]: [gg.playit.minecraft.PlayitTcpTunnel] connection to tunnel server has been established
[20:50:10 INFO]: [gg.playit.minecraft.PlayitTcpTunnel] Reflect: ReflectionHelper{ServerConnection=class net.minecraft.server.network.ServerConnectionListener, LegacyPingHandler=class net.minecraft.server.network.LegacyQueryHandler, MinecraftServer=class net.minecraft.server.MinecraftServer, PacketSplitter=class net.minecraft.network.Varint21FrameDecoder, PacketDecoder=class net.minecraft.network.PacketDecoder, EnumProtocolDirection=class net.minecraft.network.protocol.PacketFlow, PacketPrepender=class net.minecraft.network.Varint21LengthFieldPrepender, PacketEncoder=class net.minecraft.network.PacketEncoder, NetworkManagerServer=class net.minecraft.network.RateKickingConnection, NetworkManager=class net.minecraft.network.Connection, HandshakeListener=class net.minecraft.server.network.ServerHandshakePacketListenerImpl, PacketListener=interface net.minecraft.network.PacketListener, CraftServer=class org.bukkit.craftbukkit.CraftServer}
[20:50:10 INFO]: [gg.playit.minecraft.PlayitTcpTunnel] legacyPingHandler is null
[20:50:10 INFO]: [gg.playit.minecraft.PlayitTcpTunnel] connecting to minecraft server at localhost/127.0.0.1:25565
[20:50:10 INFO]: [gg.playit.minecraft.PlayitTcpTunnel] connected to local minecraft server
[20:50:10 WARN]: [io.netty.channel.DefaultChannelPipeline] An exceptionCaught() event was fired, and it reached at the tail of the pipeline. It usually means the last handler in the pipeline did not handle the exception.
java.net.SocketException: Connection reset
	at java.base/sun.nio.ch.SocketChannelImpl.throwConnectionReset(SocketChannelImpl.java:401) ~[?:?]
	at java.base/sun.nio.ch.SocketChannelImpl.read(SocketChannelImpl.java:434) ~[?:?]
	at io.netty.buffer.PooledByteBuf.setBytes(PooledByteBuf.java:255) ~[netty-buffer-4.1.118.Final.jar:4.1.118.Final]
	at io.netty.buffer.AbstractByteBuf.writeBytes(AbstractByteBuf.java:1132) ~[netty-buffer-4.1.118.Final.jar:4.1.118.Final]
	at io.netty.channel.socket.nio.NioSocketChannel.doReadBytes(NioSocketChannel.java:356) ~[netty-transport-4.1.118.Final.jar:4.1.118.Final]
	at io.netty.channel.nio.AbstractNioByteChannel$NioByteUnsafe.read(AbstractNioByteChannel.java:151) ~[netty-transport-4.1.118.Final.jar:4.1.118.Final]
	at io.netty.channel.nio.NioEventLoop.processSelectedKey(NioEventLoop.java:796) ~[netty-transport-4.1.118.Final.jar:4.1.118.Final]
	at io.netty.channel.nio.NioEventLoop.processSelectedKeysOptimized(NioEventLoop.java:732) ~[netty-transport-4.1.118.Final.jar:4.1.118.Final]
	at io.netty.channel.nio.NioEventLoop.processSelectedKeys(NioEventLoop.java:658) ~[netty-transport-4.1.118.Final.jar:4.1.118.Final]
	at io.netty.channel.nio.NioEventLoop.run(NioEventLoop.java:562) ~[netty-transport-4.1.118.Final.jar:4.1.118.Final]
	at io.netty.util.concurrent.SingleThreadEventExecutor$4.run(SingleThreadEventExecutor.java:998) ~[netty-common-4.1.118.Final.jar:4.1.118.Final]
	at io.netty.util.internal.ThreadExecutorMap$2.run(ThreadExecutorMap.java:74) ~[netty-common-4.1.118.Final.jar:4.1.118.Final]
	at io.netty.util.concurrent.FastThreadLocalRunnable.run(FastThreadLocalRunnable.java:30) ~[netty-common-4.1.118.Final.jar:4.1.118.Final]
	at java.base/java.lang.Thread.run(Thread.java:1583) ~[?:?]
[20:50:12 INFO]: [gg.playit.minecraft.PlayitManager] got new client: NewClient{connectAddr=147.185.221.19:63112, peerAddr=94.134.105.176:12017, claimAddress=209.25.140.2:43784, claimToken=[44, 0, 68, -109, -71, -35, 19, -10, -120, 94, -122, 105, -80, 46, -15, -31, -114, -33, 106, -85, 8, 104, -49, 19, -124, 0, 0, 0, 0, 0, 24, 72, 43, 0, 0, 0, 0, 0, 76, -113, 86, 0, 0, 0, 0, 0, 35, -48, 31, -93, 106, -85, 8, 0, 0, 0, 0, 36, 0, 0, 0, 0, 0, 0, 0, 1, 0, 0, 75, 2, -84, 68, 31, -125, -13, -106, -35, -51, 71, -76, 27, 39, -112, 32], tunnelServerId=1, dataCenterId=36}
[20:50:12 INFO]: [gg.playit.minecraft.PlayitManager] starting tcp tunnel for client
[20:50:12 INFO]: [gg.playit.minecraft.PlayitTcpTunnel] start connection to /209.25.140.2:43784 to claim client
[20:50:12 INFO]: [gg.playit.minecraft.PlayitTcpTunnel] connected to tunnel server, sending claim token
[20:50:12 INFO]: [gg.playit.minecraft.PlayitTcpTunnel] claim token sent
[20:50:12 INFO]: [gg.playit.minecraft.PlayitTcpTunnel] connection to tunnel server has been established
[20:50:12 INFO]: [gg.playit.minecraft.PlayitTcpTunnel] Reflect: ReflectionHelper{ServerConnection=class net.minecraft.server.network.ServerConnectionListener, LegacyPingHandler=class net.minecraft.server.network.LegacyQueryHandler, MinecraftServer=class net.minecraft.server.MinecraftServer, PacketSplitter=class net.minecraft.network.Varint21FrameDecoder, PacketDecoder=class net.minecraft.network.PacketDecoder, EnumProtocolDirection=class net.minecraft.network.protocol.PacketFlow, PacketPrepender=class net.minecraft.network.Varint21LengthFieldPrepender, PacketEncoder=class net.minecraft.network.PacketEncoder, NetworkManagerServer=class net.minecraft.network.RateKickingConnection, NetworkManager=class net.minecraft.network.Connection, HandshakeListener=class net.minecraft.server.network.ServerHandshakePacketListenerImpl, PacketListener=interface net.minecraft.network.PacketListener, CraftServer=class org.bukkit.craftbukkit.CraftServer}
[20:50:12 INFO]: [gg.playit.minecraft.PlayitTcpTunnel] legacyPingHandler is null
[20:50:12 INFO]: [gg.playit.minecraft.PlayitTcpTunnel] connecting to minecraft server at localhost/127.0.0.1:25565
[20:50:12 INFO]: [gg.playit.minecraft.PlayitTcpTunnel] connected to local minecraft server
[20:50:13 WARN]: [io.netty.channel.DefaultChannelPipeline] An exceptionCaught() event was fired, and it reached at the tail of the pipeline. It usually means the last handler in the pipeline did not handle the exception.
java.net.SocketException: Connection reset
	at java.base/sun.nio.ch.SocketChannelImpl.throwConnectionReset(SocketChannelImpl.java:401) ~[?:?]
	at java.base/sun.nio.ch.SocketChannelImpl.read(SocketChannelImpl.java:434) ~[?:?]
	at io.netty.buffer.PooledByteBuf.setBytes(PooledByteBuf.java:255) ~[netty-buffer-4.1.118.Final.jar:4.1.118.Final]
	at io.netty.buffer.AbstractByteBuf.writeBytes(AbstractByteBuf.java:1132) ~[netty-buffer-4.1.118.Final.jar:4.1.118.Final]
	at io.netty.channel.socket.nio.NioSocketChannel.doReadBytes(NioSocketChannel.java:356) ~[netty-transport-4.1.118.Final.jar:4.1.118.Final]
	at io.netty.channel.nio.AbstractNioByteChannel$NioByteUnsafe.read(AbstractNioByteChannel.java:151) ~[netty-transport-4.1.118.Final.jar:4.1.118.Final]
	at io.netty.channel.nio.NioEventLoop.processSelectedKey(NioEventLoop.java:796) ~[netty-transport-4.1.118.Final.jar:4.1.118.Final]
	at io.netty.channel.nio.NioEventLoop.processSelectedKeysOptimized(NioEventLoop.java:732) ~[netty-transport-4.1.118.Final.jar:4.1.118.Final]
	at io.netty.channel.nio.NioEventLoop.processSelectedKeys(NioEventLoop.java:658) ~[netty-transport-4.1.118.Final.jar:4.1.118.Final]
	at io.netty.channel.nio.NioEventLoop.run(NioEventLoop.java:562) ~[netty-transport-4.1.118.Final.jar:4.1.118.Final]
	at io.netty.util.concurrent.SingleThreadEventExecutor$4.run(SingleThreadEventExecutor.java:998) ~[netty-common-4.1.118.Final.jar:4.1.118.Final]
	at io.netty.util.internal.ThreadExecutorMap$2.run(ThreadExecutorMap.java:74) ~[netty-common-4.1.118.Final.jar:4.1.118.Final]
	at io.netty.util.concurrent.FastThreadLocalRunnable.run(FastThreadLocalRunnable.java:30) ~[netty-common-4.1.118.Final.jar:4.1.118.Final]
	at java.base/java.lang.Thread.run(Thread.java:1583) ~[?:?]
[20:50:15 INFO]: [gg.playit.minecraft.PlayitManager] got new client: NewClient{connectAddr=147.185.221.19:63112, peerAddr=94.134.105.176:12022, claimAddress=209.25.140.2:43784, claimToken=[44, 0, 68, -109, -71, -35, 19, -10, -120, 94, -122, 105, -80, 46, -10, -45, 10, 81, 75, -85, 8, 104, -49, 19, -121, 0, 0, 0, 0, 0, 24, 72, 43, 0, 0, 0, 0, 0, 76, -113, 86, 0, 0, 0, 0, 0, 35, -48, 31, -75, 75, -85, 8, 0, 0, 0, 0, 38, 0, 0, 0, 0, 0, 0, 0, 1, 0, 3, -117, -74, -20, -52, 54, 83, 32, 29, -82, 47, 63, -67, 19, 56, 7, 122], tunnelServerId=1, dataCenterId=38}
[20:50:15 INFO]: [gg.playit.minecraft.PlayitManager] starting tcp tunnel for client
[20:50:15 INFO]: [gg.playit.minecraft.PlayitTcpTunnel] start connection to /209.25.140.2:43784 to claim client
[20:50:15 INFO]: [gg.playit.minecraft.PlayitTcpTunnel] connected to tunnel server, sending claim token
[20:50:15 INFO]: [gg.playit.minecraft.PlayitTcpTunnel] claim token sent
[20:50:15 INFO]: [gg.playit.minecraft.PlayitTcpTunnel] connection to tunnel server has been established
[20:50:15 INFO]: [gg.playit.minecraft.PlayitTcpTunnel] Reflect: ReflectionHelper{ServerConnection=class net.minecraft.server.network.ServerConnectionListener, LegacyPingHandler=class net.minecraft.server.network.LegacyQueryHandler, MinecraftServer=class net.minecraft.server.MinecraftServer, PacketSplitter=class net.minecraft.network.Varint21FrameDecoder, PacketDecoder=class net.minecraft.network.PacketDecoder, EnumProtocolDirection=class net.minecraft.network.protocol.PacketFlow, PacketPrepender=class net.minecraft.network.Varint21LengthFieldPrepender, PacketEncoder=class net.minecraft.network.PacketEncoder, NetworkManagerServer=class net.minecraft.network.RateKickingConnection, NetworkManager=class net.minecraft.network.Connection, HandshakeListener=class net.minecraft.server.network.ServerHandshakePacketListenerImpl, PacketListener=interface net.minecraft.network.PacketListener, CraftServer=class org.bukkit.craftbukkit.CraftServer}
[20:50:15 INFO]: [gg.playit.minecraft.PlayitTcpTunnel] legacyPingHandler is null
[20:50:15 INFO]: [gg.playit.minecraft.PlayitTcpTunnel] connecting to minecraft server at localhost/127.0.0.1:25565
[20:50:15 INFO]: [gg.playit.minecraft.PlayitTcpTunnel] connected to local minecraft server
[20:50:15 WARN]: [io.netty.channel.DefaultChannelPipeline] An exceptionCaught() event was fired, and it reached at the tail of the pipeline. It usually means the last handler in the pipeline did not handle the exception.
java.net.SocketException: Connection reset
	at java.base/sun.nio.ch.SocketChannelImpl.throwConnectionReset(SocketChannelImpl.java:401) ~[?:?]
	at java.base/sun.nio.ch.SocketChannelImpl.read(SocketChannelImpl.java:434) ~[?:?]
	at io.netty.buffer.PooledByteBuf.setBytes(PooledByteBuf.java:255) ~[netty-buffer-4.1.118.Final.jar:4.1.118.Final]
	at io.netty.buffer.AbstractByteBuf.writeBytes(AbstractByteBuf.java:1132) ~[netty-buffer-4.1.118.Final.jar:4.1.118.Final]
	at io.netty.channel.socket.nio.NioSocketChannel.doReadBytes(NioSocketChannel.java:356) ~[netty-transport-4.1.118.Final.jar:4.1.118.Final]
	at io.netty.channel.nio.AbstractNioByteChannel$NioByteUnsafe.read(AbstractNioByteChannel.java:151) ~[netty-transport-4.1.118.Final.jar:4.1.118.Final]
	at io.netty.channel.nio.NioEventLoop.processSelectedKey(NioEventLoop.java:796) ~[netty-transport-4.1.118.Final.jar:4.1.118.Final]
	at io.netty.channel.nio.NioEventLoop.processSelectedKeysOptimized(NioEventLoop.java:732) ~[netty-transport-4.1.118.Final.jar:4.1.118.Final]
	at io.netty.channel.nio.NioEventLoop.processSelectedKeys(NioEventLoop.java:658) ~[netty-transport-4.1.118.Final.jar:4.1.118.Final]
	at io.netty.channel.nio.NioEventLoop.run(NioEventLoop.java:562) ~[netty-transport-4.1.118.Final.jar:4.1.118.Final]
	at io.netty.util.concurrent.SingleThreadEventExecutor$4.run(SingleThreadEventExecutor.java:998) ~[netty-common-4.1.118.Final.jar:4.1.118.Final]
	at io.netty.util.internal.ThreadExecutorMap$2.run(ThreadExecutorMap.java:74) ~[netty-common-4.1.118.Final.jar:4.1.118.Final]
	at io.netty.util.concurrent.FastThreadLocalRunnable.run(FastThreadLocalRunnable.java:30) ~[netty-common-4.1.118.Final.jar:4.1.118.Final]
	at java.base/java.lang.Thread.run(Thread.java:1583) ~[?:?]
[20:50:17 INFO]: [gg.playit.minecraft.PlayitManager] got new client: NewClient{connectAddr=147.185.221.19:63112, peerAddr=94.134.105.176:12033, claimAddress=209.25.140.2:43784, claimToken=[44, 0, 68, -109, -71, -35, 19, -10, -120, 94, -122, 105, -80, 47, 1, 86, -93, -35, -86, -85, 8, 104, -49, 19, -119, 0, 0, 0, 0, 0, 24, 72, 43, 0, 0, 0, 0, 0, 76, -113, 86, 0, 0, 0, 0, 0, 35, -48, 31, 110, -86, -85, 8, 0, 0, 0, 0, 38, 0, 0, 0, 0, 0, 0, 0, 1, 0, 2, -45, 20, 43, 51, 15, -21, 11, 63, 76, 24, -108, -30, 3, 31, 113, -60], tunnelServerId=1, dataCenterId=38}
[20:50:17 INFO]: [gg.playit.minecraft.PlayitManager] starting tcp tunnel for client
[20:50:17 INFO]: [gg.playit.minecraft.PlayitTcpTunnel] start connection to /209.25.140.2:43784 to claim client
[20:50:17 INFO]: [gg.playit.minecraft.PlayitTcpTunnel] connected to tunnel server, sending claim token
[20:50:17 INFO]: [gg.playit.minecraft.PlayitTcpTunnel] claim token sent
[20:50:17 INFO]: [gg.playit.minecraft.PlayitTcpTunnel] connection to tunnel server has been established
[20:50:17 INFO]: [gg.playit.minecraft.PlayitTcpTunnel] Reflect: ReflectionHelper{ServerConnection=class net.minecraft.server.network.ServerConnectionListener, LegacyPingHandler=class net.minecraft.server.network.LegacyQueryHandler, MinecraftServer=class net.minecraft.server.MinecraftServer, PacketSplitter=class net.minecraft.network.Varint21FrameDecoder, PacketDecoder=class net.minecraft.network.PacketDecoder, EnumProtocolDirection=class net.minecraft.network.protocol.PacketFlow, PacketPrepender=class net.minecraft.network.Varint21LengthFieldPrepender, PacketEncoder=class net.minecraft.network.PacketEncoder, NetworkManagerServer=class net.minecraft.network.RateKickingConnection, NetworkManager=class net.minecraft.network.Connection, HandshakeListener=class net.minecraft.server.network.ServerHandshakePacketListenerImpl, PacketListener=interface net.minecraft.network.PacketListener, CraftServer=class org.bukkit.craftbukkit.CraftServer}
[20:50:17 INFO]: [gg.playit.minecraft.PlayitTcpTunnel] legacyPingHandler is null
[20:50:17 INFO]: [gg.playit.minecraft.PlayitTcpTunnel] connecting to minecraft server at localhost/127.0.0.1:25565
[20:50:17 INFO]: [gg.playit.minecraft.PlayitTcpTunnel] connected to local minecraft server
[20:50:17 WARN]: [io.netty.channel.DefaultChannelPipeline] An exceptionCaught() event was fired, and it reached at the tail of the pipeline. It usually means the last handler in the pipeline did not handle the exception.
java.net.SocketException: Connection reset
	at java.base/sun.nio.ch.SocketChannelImpl.throwConnectionReset(SocketChannelImpl.java:401) ~[?:?]
	at java.base/sun.nio.ch.SocketChannelImpl.read(SocketChannelImpl.java:434) ~[?:?]
	at io.netty.buffer.PooledByteBuf.setBytes(PooledByteBuf.java:255) ~[netty-buffer-4.1.118.Final.jar:4.1.118.Final]
	at io.netty.buffer.AbstractByteBuf.writeBytes(AbstractByteBuf.java:1132) ~[netty-buffer-4.1.118.Final.jar:4.1.118.Final]
	at io.netty.channel.socket.nio.NioSocketChannel.doReadBytes(NioSocketChannel.java:356) ~[netty-transport-4.1.118.Final.jar:4.1.118.Final]
	at io.netty.channel.nio.AbstractNioByteChannel$NioByteUnsafe.read(AbstractNioByteChannel.java:151) ~[netty-transport-4.1.118.Final.jar:4.1.118.Final]
	at io.netty.channel.nio.NioEventLoop.processSelectedKey(NioEventLoop.java:796) ~[netty-transport-4.1.118.Final.jar:4.1.118.Final]
	at io.netty.channel.nio.NioEventLoop.processSelectedKeysOptimized(NioEventLoop.java:732) ~[netty-transport-4.1.118.Final.jar:4.1.118.Final]
	at io.netty.channel.nio.NioEventLoop.processSelectedKeys(NioEventLoop.java:658) ~[netty-transport-4.1.118.Final.jar:4.1.118.Final]
	at io.netty.channel.nio.NioEventLoop.run(NioEventLoop.java:562) ~[netty-transport-4.1.118.Final.jar:4.1.118.Final]
	at io.netty.util.concurrent.SingleThreadEventExecutor$4.run(SingleThreadEventExecutor.java:998) ~[netty-common-4.1.118.Final.jar:4.1.118.Final]
	at io.netty.util.internal.ThreadExecutorMap$2.run(ThreadExecutorMap.java:74) ~[netty-common-4.1.118.Final.jar:4.1.118.Final]
	at io.netty.util.concurrent.FastThreadLocalRunnable.run(FastThreadLocalRunnable.java:30) ~[netty-common-4.1.118.Final.jar:4.1.118.Final]
	at java.base/java.lang.Thread.run(Thread.java:1583) ~[?:?]
[20:50:19 INFO]: [gg.playit.minecraft.PlayitManager] got new client: NewClient{connectAddr=147.185.221.19:63112, peerAddr=94.134.105.176:12036, claimAddress=209.25.140.2:43784, claimToken=[44, 0, 68, -109, -71, -35, 19, -10, -120, 94, -122, 105, -80, 47, 4, -17, -68, 96, 82, -85, 8, 104, -49, 19, -117, 0, 0, 0, 0, 0, 24, 72, 43, 0, 0, 0, 0, 0, 76, -113, 86, 0, 0, 0, 0, 0, 35, -48, 31, 64, 82, -85, 8, 0, 0, 0, 0, 38, 0, 0, 0, 0, 0, 0, 0, 1, 0, 3, 26, -105, 53, -74, 11, -83, -107, 11, -115, 64, 50, -67, 25, -50, 38, 84], tunnelServerId=1, dataCenterId=38}
[20:50:19 INFO]: [gg.playit.minecraft.PlayitManager] starting tcp tunnel for client
[20:50:19 INFO]: [gg.playit.minecraft.PlayitTcpTunnel] start connection to /209.25.140.2:43784 to claim client
[20:50:19 INFO]: [gg.playit.minecraft.PlayitTcpTunnel] connected to tunnel server, sending claim token
[20:50:19 INFO]: [gg.playit.minecraft.PlayitTcpTunnel] claim token sent
[20:50:19 INFO]: [gg.playit.minecraft.PlayitTcpTunnel] connection to tunnel server has been established
[20:50:19 INFO]: [gg.playit.minecraft.PlayitTcpTunnel] Reflect: ReflectionHelper{ServerConnection=class net.minecraft.server.network.ServerConnectionListener, LegacyPingHandler=class net.minecraft.server.network.LegacyQueryHandler, MinecraftServer=class net.minecraft.server.MinecraftServer, PacketSplitter=class net.minecraft.network.Varint21FrameDecoder, PacketDecoder=class net.minecraft.network.PacketDecoder, EnumProtocolDirection=class net.minecraft.network.protocol.PacketFlow, PacketPrepender=class net.minecraft.network.Varint21LengthFieldPrepender, PacketEncoder=class net.minecraft.network.PacketEncoder, NetworkManagerServer=class net.minecraft.network.RateKickingConnection, NetworkManager=class net.minecraft.network.Connection, HandshakeListener=class net.minecraft.server.network.ServerHandshakePacketListenerImpl, PacketListener=interface net.minecraft.network.PacketListener, CraftServer=class org.bukkit.craftbukkit.CraftServer}
[20:50:19 INFO]: [gg.playit.minecraft.PlayitTcpTunnel] legacyPingHandler is null
[20:50:19 INFO]: [gg.playit.minecraft.PlayitTcpTunnel] connecting to minecraft server at localhost/127.0.0.1:25565
[20:50:19 INFO]: [gg.playit.minecraft.PlayitTcpTunnel] connected to local minecraft server
[20:50:19 WARN]: [io.netty.channel.DefaultChannelPipeline] An exceptionCaught() event was fired, and it reached at the tail of the pipeline. It usually means the last handler in the pipeline did not handle the exception.
java.net.SocketException: Connection reset
	at java.base/sun.nio.ch.SocketChannelImpl.throwConnectionReset(SocketChannelImpl.java:401) ~[?:?]
	at java.base/sun.nio.ch.SocketChannelImpl.read(SocketChannelImpl.java:434) ~[?:?]
	at io.netty.buffer.PooledByteBuf.setBytes(PooledByteBuf.java:255) ~[netty-buffer-4.1.118.Final.jar:4.1.118.Final]
	at io.netty.buffer.AbstractByteBuf.writeBytes(AbstractByteBuf.java:1132) ~[netty-buffer-4.1.118.Final.jar:4.1.118.Final]
	at io.netty.channel.socket.nio.NioSocketChannel.doReadBytes(NioSocketChannel.java:356) ~[netty-transport-4.1.118.Final.jar:4.1.118.Final]
	at io.netty.channel.nio.AbstractNioByteChannel$NioByteUnsafe.read(AbstractNioByteChannel.java:151) ~[netty-transport-4.1.118.Final.jar:4.1.118.Final]
	at io.netty.channel.nio.NioEventLoop.processSelectedKey(NioEventLoop.java:796) ~[netty-transport-4.1.118.Final.jar:4.1.118.Final]
	at io.netty.channel.nio.NioEventLoop.processSelectedKeysOptimized(NioEventLoop.java:732) ~[netty-transport-4.1.118.Final.jar:4.1.118.Final]
	at io.netty.channel.nio.NioEventLoop.processSelectedKeys(NioEventLoop.java:658) ~[netty-transport-4.1.118.Final.jar:4.1.118.Final]
	at io.netty.channel.nio.NioEventLoop.run(NioEventLoop.java:562) ~[netty-transport-4.1.118.Final.jar:4.1.118.Final]
	at io.netty.util.concurrent.SingleThreadEventExecutor$4.run(SingleThreadEventExecutor.java:998) ~[netty-common-4.1.118.Final.jar:4.1.118.Final]
	at io.netty.util.internal.ThreadExecutorMap$2.run(ThreadExecutorMap.java:74) ~[netty-common-4.1.118.Final.jar:4.1.118.Final]
	at io.netty.util.concurrent.FastThreadLocalRunnable.run(FastThreadLocalRunnable.java:30) ~[netty-common-4.1.118.Final.jar:4.1.118.Final]
	at java.base/java.lang.Thread.run(Thread.java:1583) ~[?:?]
[20:50:24 INFO]: [gg.playit.minecraft.PlayitManager] got new client: NewClient{connectAddr=147.185.221.19:63112, peerAddr=94.134.105.176:12046, claimAddress=209.25.140.2:43784, claimToken=[44, 0, 68, -109, -71, -35, 19, -10, -120, 94, -122, 105, -80, 47, 14, -45, 23, -6, -28, -85, 8, 104, -49, 19, -112, 0, 0, 0, 0, 0, 24, 72, 43, 0, 0, 0, 0, 0, 76, -113, 86, 0, 0, 0, 0, 0, 35, -48, 31, -73, -28, -85, 8, 0, 0, 0, 0, 38, 0, 0, 0, 0, 0, 0, 0, 1, 0, 1, -1, 37, 20, -93, -17, -68, 113, -104, -41, 121, -63, 67, 26, 61, 81, 0], tunnelServerId=1, dataCenterId=38}
[20:50:24 INFO]: [gg.playit.minecraft.PlayitManager] starting tcp tunnel for client
[20:50:24 INFO]: [gg.playit.minecraft.PlayitTcpTunnel] start connection to /209.25.140.2:43784 to claim client
[20:50:24 INFO]: [gg.playit.minecraft.PlayitTcpTunnel] connected to tunnel server, sending claim token
[20:50:24 INFO]: [gg.playit.minecraft.PlayitTcpTunnel] claim token sent
[20:50:24 INFO]: [gg.playit.minecraft.PlayitTcpTunnel] connection to tunnel server has been established
[20:50:24 INFO]: [gg.playit.minecraft.PlayitTcpTunnel] Reflect: ReflectionHelper{ServerConnection=class net.minecraft.server.network.ServerConnectionListener, LegacyPingHandler=class net.minecraft.server.network.LegacyQueryHandler, MinecraftServer=class net.minecraft.server.MinecraftServer, PacketSplitter=class net.minecraft.network.Varint21FrameDecoder, PacketDecoder=class net.minecraft.network.PacketDecoder, EnumProtocolDirection=class net.minecraft.network.protocol.PacketFlow, PacketPrepender=class net.minecraft.network.Varint21LengthFieldPrepender, PacketEncoder=class net.minecraft.network.PacketEncoder, NetworkManagerServer=class net.minecraft.network.RateKickingConnection, NetworkManager=class net.minecraft.network.Connection, HandshakeListener=class net.minecraft.server.network.ServerHandshakePacketListenerImpl, PacketListener=interface net.minecraft.network.PacketListener, CraftServer=class org.bukkit.craftbukkit.CraftServer}
[20:50:24 INFO]: [gg.playit.minecraft.PlayitTcpTunnel] legacyPingHandler is null
[20:50:24 INFO]: [gg.playit.minecraft.PlayitTcpTunnel] connecting to minecraft server at localhost/127.0.0.1:25565
[20:50:24 INFO]: [gg.playit.minecraft.PlayitTcpTunnel] connected to local minecraft server
[20:50:24 WARN]: [io.netty.channel.DefaultChannelPipeline] An exceptionCaught() event was fired, and it reached at the tail of the pipeline. It usually means the last handler in the pipeline did not handle the exception.
java.net.SocketException: Connection reset
	at java.base/sun.nio.ch.SocketChannelImpl.throwConnectionReset(SocketChannelImpl.java:401) ~[?:?]
	at java.base/sun.nio.ch.SocketChannelImpl.read(SocketChannelImpl.java:434) ~[?:?]
	at io.netty.buffer.PooledByteBuf.setBytes(PooledByteBuf.java:255) ~[netty-buffer-4.1.118.Final.jar:4.1.118.Final]
	at io.netty.buffer.AbstractByteBuf.writeBytes(AbstractByteBuf.java:1132) ~[netty-buffer-4.1.118.Final.jar:4.1.118.Final]
	at io.netty.channel.socket.nio.NioSocketChannel.doReadBytes(NioSocketChannel.java:356) ~[netty-transport-4.1.118.Final.jar:4.1.118.Final]
	at io.netty.channel.nio.AbstractNioByteChannel$NioByteUnsafe.read(AbstractNioByteChannel.java:151) ~[netty-transport-4.1.118.Final.jar:4.1.118.Final]
	at io.netty.channel.nio.NioEventLoop.processSelectedKey(NioEventLoop.java:796) ~[netty-transport-4.1.118.Final.jar:4.1.118.Final]
	at io.netty.channel.nio.NioEventLoop.processSelectedKeysOptimized(NioEventLoop.java:732) ~[netty-transport-4.1.118.Final.jar:4.1.118.Final]
	at io.netty.channel.nio.NioEventLoop.processSelectedKeys(NioEventLoop.java:658) ~[netty-transport-4.1.118.Final.jar:4.1.118.Final]
	at io.netty.channel.nio.NioEventLoop.run(NioEventLoop.java:562) ~[netty-transport-4.1.118.Final.jar:4.1.118.Final]
	at io.netty.util.concurrent.SingleThreadEventExecutor$4.run(SingleThreadEventExecutor.java:998) ~[netty-common-4.1.118.Final.jar:4.1.118.Final]
	at io.netty.util.internal.ThreadExecutorMap$2.run(ThreadExecutorMap.java:74) ~[netty-common-4.1.118.Final.jar:4.1.118.Final]
	at io.netty.util.concurrent.FastThreadLocalRunnable.run(FastThreadLocalRunnable.java:30) ~[netty-common-4.1.118.Final.jar:4.1.118.Final]
	at java.base/java.lang.Thread.run(Thread.java:1583) ~[?:?]
[20:50:29 INFO]: [gg.playit.minecraft.PlayitManager] got new client: NewClient{connectAddr=147.185.221.19:63112, peerAddr=94.134.105.176:12056, claimAddress=209.25.140.2:43784, claimToken=[44, 0, 68, -109, -71, -35, 19, -10, -120, 94, -122, 105, -80, 47, 24, 111, 117, -32, -113, -85, 8, 104, -49, 19, -107, 0, 0, 0, 0, 0, 24, 72, 43, 0, 0, 0, 0, 0, 76, -113, 86, 0, 0, 0, 0, 0, 35, -48, 31, -37, -113, -85, 8, 0, 0, 0, 0, 38, 0, 0, 0, 0, 0, 0, 0, 1, 0, 3, -21, -66, 107, 124, 104, 118, -25, 23, -2, 83, -107, -64, -46, -94, 104, -63], tunnelServerId=1, dataCenterId=38}
[20:50:29 INFO]: [gg.playit.minecraft.PlayitManager] starting tcp tunnel for client
[20:50:29 INFO]: [gg.playit.minecraft.PlayitTcpTunnel] start connection to /209.25.140.2:43784 to claim client
[20:50:29 INFO]: [gg.playit.minecraft.PlayitTcpTunnel] connected to tunnel server, sending claim token
[20:50:29 INFO]: [gg.playit.minecraft.PlayitTcpTunnel] claim token sent
[20:50:29 INFO]: [gg.playit.minecraft.PlayitTcpTunnel] connection to tunnel server has been established
[20:50:29 INFO]: [gg.playit.minecraft.PlayitTcpTunnel] Reflect: ReflectionHelper{ServerConnection=class net.minecraft.server.network.ServerConnectionListener, LegacyPingHandler=class net.minecraft.server.network.LegacyQueryHandler, MinecraftServer=class net.minecraft.server.MinecraftServer, PacketSplitter=class net.minecraft.network.Varint21FrameDecoder, PacketDecoder=class net.minecraft.network.PacketDecoder, EnumProtocolDirection=class net.minecraft.network.protocol.PacketFlow, PacketPrepender=class net.minecraft.network.Varint21LengthFieldPrepender, PacketEncoder=class net.minecraft.network.PacketEncoder, NetworkManagerServer=class net.minecraft.network.RateKickingConnection, NetworkManager=class net.minecraft.network.Connection, HandshakeListener=class net.minecraft.server.network.ServerHandshakePacketListenerImpl, PacketListener=interface net.minecraft.network.PacketListener, CraftServer=class org.bukkit.craftbukkit.CraftServer}
[20:50:29 INFO]: [gg.playit.minecraft.PlayitTcpTunnel] legacyPingHandler is null
[20:50:29 INFO]: [gg.playit.minecraft.PlayitTcpTunnel] connecting to minecraft server at localhost/127.0.0.1:25565
[20:50:29 INFO]: [gg.playit.minecraft.PlayitTcpTunnel] connected to local minecraft server
[20:50:30 WARN]: [io.netty.channel.DefaultChannelPipeline] An exceptionCaught() event was fired, and it reached at the tail of the pipeline. It usually means the last handler in the pipeline did not handle the exception.
java.net.SocketException: Connection reset
	at java.base/sun.nio.ch.SocketChannelImpl.throwConnectionReset(SocketChannelImpl.java:401) ~[?:?]
	at java.base/sun.nio.ch.SocketChannelImpl.read(SocketChannelImpl.java:434) ~[?:?]
	at io.netty.buffer.PooledByteBuf.setBytes(PooledByteBuf.java:255) ~[netty-buffer-4.1.118.Final.jar:4.1.118.Final]
	at io.netty.buffer.AbstractByteBuf.writeBytes(AbstractByteBuf.java:1132) ~[netty-buffer-4.1.118.Final.jar:4.1.118.Final]
	at io.netty.channel.socket.nio.NioSocketChannel.doReadBytes(NioSocketChannel.java:356) ~[netty-transport-4.1.118.Final.jar:4.1.118.Final]
	at io.netty.channel.nio.AbstractNioByteChannel$NioByteUnsafe.read(AbstractNioByteChannel.java:151) ~[netty-transport-4.1.118.Final.jar:4.1.118.Final]
	at io.netty.channel.nio.NioEventLoop.processSelectedKey(NioEventLoop.java:796) ~[netty-transport-4.1.118.Final.jar:4.1.118.Final]
	at io.netty.channel.nio.NioEventLoop.processSelectedKeysOptimized(NioEventLoop.java:732) ~[netty-transport-4.1.118.Final.jar:4.1.118.Final]
	at io.netty.channel.nio.NioEventLoop.processSelectedKeys(NioEventLoop.java:658) ~[netty-transport-4.1.118.Final.jar:4.1.118.Final]
	at io.netty.channel.nio.NioEventLoop.run(NioEventLoop.java:562) ~[netty-transport-4.1.118.Final.jar:4.1.118.Final]
	at io.netty.util.concurrent.SingleThreadEventExecutor$4.run(SingleThreadEventExecutor.java:998) ~[netty-common-4.1.118.Final.jar:4.1.118.Final]
	at io.netty.util.internal.ThreadExecutorMap$2.run(ThreadExecutorMap.java:74) ~[netty-common-4.1.118.Final.jar:4.1.118.Final]
	at io.netty.util.concurrent.FastThreadLocalRunnable.run(FastThreadLocalRunnable.java:30) ~[netty-common-4.1.118.Final.jar:4.1.118.Final]
	at java.base/java.lang.Thread.run(Thread.java:1583) ~[?:?]
[20:50:34 INFO]: [gg.playit.minecraft.PlayitManager] got new client: NewClient{connectAddr=147.185.221.19:63112, peerAddr=94.134.105.176:12060, claimAddress=209.25.140.2:43784, claimToken=[44, 0, 68, -109, -71, -35, 19, -10, -120, 94, -122, 105, -80, 47, 28, 14, -58, 94, 65, -85, 8, 104, -49, 19, -102, 0, 0, 0, 0, 0, 24, 72, 43, 0, 0, 0, 0, 0, 76, -113, 86, 0, 0, 0, 0, 0, 35, -48, 31, 114, 65, -85, 8, 0, 0, 0, 0, 38, 0, 0, 0, 0, 0, 0, 0, 1, 0, 3, 65, 76, -52, 123, -2, -93, -85, 71, 53, 97, -115, -71, -50, -29, -126, 57], tunnelServerId=1, dataCenterId=38}
[20:50:34 INFO]: [gg.playit.minecraft.PlayitManager] starting tcp tunnel for client
[20:50:34 INFO]: [gg.playit.minecraft.PlayitTcpTunnel] start connection to /209.25.140.2:43784 to claim client
[20:50:34 INFO]: [gg.playit.minecraft.PlayitTcpTunnel] connected to tunnel server, sending claim token
[20:50:34 INFO]: [gg.playit.minecraft.PlayitTcpTunnel] claim token sent
[20:50:34 INFO]: [gg.playit.minecraft.PlayitTcpTunnel] connection to tunnel server has been established
[20:50:34 INFO]: [gg.playit.minecraft.PlayitTcpTunnel] Reflect: ReflectionHelper{ServerConnection=class net.minecraft.server.network.ServerConnectionListener, LegacyPingHandler=class net.minecraft.server.network.LegacyQueryHandler, MinecraftServer=class net.minecraft.server.MinecraftServer, PacketSplitter=class net.minecraft.network.Varint21FrameDecoder, PacketDecoder=class net.minecraft.network.PacketDecoder, EnumProtocolDirection=class net.minecraft.network.protocol.PacketFlow, PacketPrepender=class net.minecraft.network.Varint21LengthFieldPrepender, PacketEncoder=class net.minecraft.network.PacketEncoder, NetworkManagerServer=class net.minecraft.network.RateKickingConnection, NetworkManager=class net.minecraft.network.Connection, HandshakeListener=class net.minecraft.server.network.ServerHandshakePacketListenerImpl, PacketListener=interface net.minecraft.network.PacketListener, CraftServer=class org.bukkit.craftbukkit.CraftServer}
[20:50:34 INFO]: [gg.playit.minecraft.PlayitTcpTunnel] legacyPingHandler is null
[20:50:34 INFO]: [gg.playit.minecraft.PlayitTcpTunnel] connecting to minecraft server at localhost/127.0.0.1:25565
[20:50:34 INFO]: [gg.playit.minecraft.PlayitTcpTunnel] connected to local minecraft server
[20:50:36 INFO]: UUID of player NotJxlly is f34b2cf3-af89-4012-87db-df6e2ab0d3aa
[20:50:37 INFO]: NotJxlly joined the game
[20:50:37 INFO]: NotJxlly[/127.0.0.1:34200] logged in with entity id 31 at ([world]-1157.8572500443092, 72.0, -510.6739898832174)
[20:51:54 WARN]: [gg.playit.minecraft.PlayitTcpTunnel] failed to send data to tunnel
[20:51:54 INFO]: NotJxlly lost connection: Disconnected
[20:51:54 INFO]: NotJxlly left the game
[20:52:03 INFO]: [gg.playit.minecraft.PlayitManager] got new client: NewClient{connectAddr=147.185.221.19:63112, peerAddr=94.134.105.176:12087, claimAddress=209.25.140.2:43784, claimToken=[44, 0, 68, -109, -71, -35, 19, -10, -120, 94, -122, 105, -80, 47, 55, -82, 121, 125, -9, -85, 8, 104, -49, 19, -13, 0, 0, 0, 0, 0, 24, 72, 43, 0, 0, 0, 0, 0, 76, -113, 86, 0, 0, 0, 0, 0, 35, -48, 31, 125, -9, -85, 8, 0, 0, 0, 0, 38, 0, 0, 0, 0, 0, 0, 0, 1, 0, 0, -44, 54, -114, 11, -2, -104, 57, -51, 72, -57, -110, -76, 18, -102, 89, 102], tunnelServerId=1, dataCenterId=38}
[20:52:03 INFO]: [gg.playit.minecraft.PlayitManager] starting tcp tunnel for client
[20:52:03 INFO]: [gg.playit.minecraft.PlayitTcpTunnel] start connection to /209.25.140.2:43784 to claim client
[20:52:03 INFO]: [gg.playit.minecraft.PlayitTcpTunnel] connected to tunnel server, sending claim token
[20:52:03 INFO]: [gg.playit.minecraft.PlayitTcpTunnel] claim token sent
[20:52:04 INFO]: [gg.playit.minecraft.PlayitTcpTunnel] connection to tunnel server has been established
[20:52:04 INFO]: [gg.playit.minecraft.PlayitTcpTunnel] Reflect: ReflectionHelper{ServerConnection=class net.minecraft.server.network.ServerConnectionListener, LegacyPingHandler=class net.minecraft.server.network.LegacyQueryHandler, MinecraftServer=class net.minecraft.server.MinecraftServer, PacketSplitter=class net.minecraft.network.Varint21FrameDecoder, PacketDecoder=class net.minecraft.network.PacketDecoder, EnumProtocolDirection=class net.minecraft.network.protocol.PacketFlow, PacketPrepender=class net.minecraft.network.Varint21LengthFieldPrepender, PacketEncoder=class net.minecraft.network.PacketEncoder, NetworkManagerServer=class net.minecraft.network.RateKickingConnection, NetworkManager=class net.minecraft.network.Connection, HandshakeListener=class net.minecraft.server.network.ServerHandshakePacketListenerImpl, PacketListener=interface net.minecraft.network.PacketListener, CraftServer=class org.bukkit.craftbukkit.CraftServer}
[20:52:04 INFO]: [gg.playit.minecraft.PlayitTcpTunnel] legacyPingHandler is null
[20:52:04 INFO]: [gg.playit.minecraft.PlayitTcpTunnel] connecting to minecraft server at localhost/127.0.0.1:25565
[20:52:04 INFO]: [gg.playit.minecraft.PlayitTcpTunnel] connected to local minecraft server
[20:52:04 WARN]: [io.netty.channel.DefaultChannelPipeline] An exceptionCaught() event was fired, and it reached at the tail of the pipeline. It usually means the last handler in the pipeline did not handle the exception.
java.net.SocketException: Connection reset
	at java.base/sun.nio.ch.SocketChannelImpl.throwConnectionReset(SocketChannelImpl.java:401) ~[?:?]
	at java.base/sun.nio.ch.SocketChannelImpl.read(SocketChannelImpl.java:434) ~[?:?]
	at io.netty.buffer.PooledByteBuf.setBytes(PooledByteBuf.java:255) ~[netty-buffer-4.1.118.Final.jar:4.1.118.Final]
	at io.netty.buffer.AbstractByteBuf.writeBytes(AbstractByteBuf.java:1132) ~[netty-buffer-4.1.118.Final.jar:4.1.118.Final]
	at io.netty.channel.socket.nio.NioSocketChannel.doReadBytes(NioSocketChannel.java:356) ~[netty-transport-4.1.118.Final.jar:4.1.118.Final]
	at io.netty.channel.nio.AbstractNioByteChannel$NioByteUnsafe.read(AbstractNioByteChannel.java:151) ~[netty-transport-4.1.118.Final.jar:4.1.118.Final]
	at io.netty.channel.nio.NioEventLoop.processSelectedKey(NioEventLoop.java:796) ~[netty-transport-4.1.118.Final.jar:4.1.118.Final]
	at io.netty.channel.nio.NioEventLoop.processSelectedKeysOptimized(NioEventLoop.java:732) ~[netty-transport-4.1.118.Final.jar:4.1.118.Final]
	at io.netty.channel.nio.NioEventLoop.processSelectedKeys(NioEventLoop.java:658) ~[netty-transport-4.1.118.Final.jar:4.1.118.Final]
	at io.netty.channel.nio.NioEventLoop.run(NioEventLoop.java:562) ~[netty-transport-4.1.118.Final.jar:4.1.118.Final]
	at io.netty.util.concurrent.SingleThreadEventExecutor$4.run(SingleThreadEventExecutor.java:998) ~[netty-common-4.1.118.Final.jar:4.1.118.Final]
	at io.netty.util.internal.ThreadExecutorMap$2.run(ThreadExecutorMap.java:74) ~[netty-common-4.1.118.Final.jar:4.1.118.Final]
	at io.netty.util.concurrent.FastThreadLocalRunnable.run(FastThreadLocalRunnable.java:30) ~[netty-common-4.1.118.Final.jar:4.1.118.Final]
	at java.base/java.lang.Thread.run(Thread.java:1583) ~[?:?]
[20:52:09 INFO]: [gg.playit.minecraft.PlayitManager] got new client: NewClient{connectAddr=147.185.221.19:63112, peerAddr=94.134.105.176:12156, claimAddress=209.25.140.2:43784, claimToken=[44, 0, 68, -109, -71, -35, 19, -10, -120, 94, -122, 105, -80, 47, 124, -90, 107, 85, 1, -85, 8, 104, -49, 19, -7, 0, 0, 0, 0, 0, 24, 72, 43, 0, 0, 0, 0, 0, 76, -113, 86, 0, 0, 0, 0, 0, 35, -48, 31, -22, 1, -85, 8, 0, 0, 0, 0, 38, 0, 0, 0, 0, 0, 0, 0, 1, 0, 1, 80, -77, -43, 114, -126, 102, -5, -116, 117, 124, 9, -115, 36, -50, 21, -26], tunnelServerId=1, dataCenterId=38}
[20:52:09 INFO]: [gg.playit.minecraft.PlayitManager] starting tcp tunnel for client
[20:52:09 INFO]: [gg.playit.minecraft.PlayitTcpTunnel] start connection to /209.25.140.2:43784 to claim client
[20:52:09 INFO]: [gg.playit.minecraft.PlayitTcpTunnel] connected to tunnel server, sending claim token
[20:52:09 INFO]: [gg.playit.minecraft.PlayitTcpTunnel] claim token sent
[20:52:09 INFO]: [gg.playit.minecraft.PlayitTcpTunnel] connection to tunnel server has been established
[20:52:09 INFO]: [gg.playit.minecraft.PlayitTcpTunnel] Reflect: ReflectionHelper{ServerConnection=class net.minecraft.server.network.ServerConnectionListener, LegacyPingHandler=class net.minecraft.server.network.LegacyQueryHandler, MinecraftServer=class net.minecraft.server.MinecraftServer, PacketSplitter=class net.minecraft.network.Varint21FrameDecoder, PacketDecoder=class net.minecraft.network.PacketDecoder, EnumProtocolDirection=class net.minecraft.network.protocol.PacketFlow, PacketPrepender=class net.minecraft.network.Varint21LengthFieldPrepender, PacketEncoder=class net.minecraft.network.PacketEncoder, NetworkManagerServer=class net.minecraft.network.RateKickingConnection, NetworkManager=class net.minecraft.network.Connection, HandshakeListener=class net.minecraft.server.network.ServerHandshakePacketListenerImpl, PacketListener=interface net.minecraft.network.PacketListener, CraftServer=class org.bukkit.craftbukkit.CraftServer}
[20:52:09 INFO]: [gg.playit.minecraft.PlayitTcpTunnel] legacyPingHandler is null
[20:52:09 INFO]: [gg.playit.minecraft.PlayitTcpTunnel] connecting to minecraft server at localhost/127.0.0.1:25565
[20:52:09 INFO]: [gg.playit.minecraft.PlayitTcpTunnel] connected to local minecraft server
[20:52:09 WARN]: [io.netty.channel.DefaultChannelPipeline] An exceptionCaught() event was fired, and it reached at the tail of the pipeline. It usually means the last handler in the pipeline did not handle the exception.
java.net.SocketException: Connection reset
	at java.base/sun.nio.ch.SocketChannelImpl.throwConnectionReset(SocketChannelImpl.java:401) ~[?:?]
	at java.base/sun.nio.ch.SocketChannelImpl.read(SocketChannelImpl.java:434) ~[?:?]
	at io.netty.buffer.PooledByteBuf.setBytes(PooledByteBuf.java:255) ~[netty-buffer-4.1.118.Final.jar:4.1.118.Final]
	at io.netty.buffer.AbstractByteBuf.writeBytes(AbstractByteBuf.java:1132) ~[netty-buffer-4.1.118.Final.jar:4.1.118.Final]
	at io.netty.channel.socket.nio.NioSocketChannel.doReadBytes(NioSocketChannel.java:356) ~[netty-transport-4.1.118.Final.jar:4.1.118.Final]
	at io.netty.channel.nio.AbstractNioByteChannel$NioByteUnsafe.read(AbstractNioByteChannel.java:151) ~[netty-transport-4.1.118.Final.jar:4.1.118.Final]
	at io.netty.channel.nio.NioEventLoop.processSelectedKey(NioEventLoop.java:796) ~[netty-transport-4.1.118.Final.jar:4.1.118.Final]
	at io.netty.channel.nio.NioEventLoop.processSelectedKeysOptimized(NioEventLoop.java:732) ~[netty-transport-4.1.118.Final.jar:4.1.118.Final]
	at io.netty.channel.nio.NioEventLoop.processSelectedKeys(NioEventLoop.java:658) ~[netty-transport-4.1.118.Final.jar:4.1.118.Final]
	at io.netty.channel.nio.NioEventLoop.run(NioEventLoop.java:562) ~[netty-transport-4.1.118.Final.jar:4.1.118.Final]
	at io.netty.util.concurrent.SingleThreadEventExecutor$4.run(SingleThreadEventExecutor.java:998) ~[netty-common-4.1.118.Final.jar:4.1.118.Final]
	at io.netty.util.internal.ThreadExecutorMap$2.run(ThreadExecutorMap.java:74) ~[netty-common-4.1.118.Final.jar:4.1.118.Final]
	at io.netty.util.concurrent.FastThreadLocalRunnable.run(FastThreadLocalRunnable.java:30) ~[netty-common-4.1.118.Final.jar:4.1.118.Final]
	at java.base/java.lang.Thread.run(Thread.java:1583) ~[?:?]
[20:52:26 INFO]: [gg.playit.minecraft.PlayitManager] got new client: NewClient{connectAddr=147.185.221.19:63112, peerAddr=94.134.105.176:12157, claimAddress=209.25.140.2:43784, claimToken=[44, 0, 68, -109, -71, -35, 19, -10, -120, 94, -122, 105, -80, 47, 125, -90, 52, -96, 16, -85, 8, 104, -49, 20, 10, 0, 0, 0, 0, 0, 24, 72, 43, 0, 0, 0, 0, 0, 76, -113, 86, 0, 0, 0, 0, 0, 35, -48, 31, -117, 16, -85, 8, 0, 0, 0, 0, 38, 0, 0, 0, 0, 0, 0, 0, 1, 0, 0, -94, 95, 84, 1, 54, -114, -17, 90, -122, -3, -25, 111, 20, 55, 17, -4], tunnelServerId=1, dataCenterId=38}
[20:52:26 INFO]: [gg.playit.minecraft.PlayitManager] starting tcp tunnel for client
[20:52:26 INFO]: [gg.playit.minecraft.PlayitTcpTunnel] start connection to /209.25.140.2:43784 to claim client
[20:52:26 INFO]: [gg.playit.minecraft.PlayitTcpTunnel] connected to tunnel server, sending claim token
[20:52:26 INFO]: [gg.playit.minecraft.PlayitTcpTunnel] claim token sent
[20:52:26 INFO]: [gg.playit.minecraft.PlayitTcpTunnel] connection to tunnel server has been established
[20:52:26 INFO]: [gg.playit.minecraft.PlayitTcpTunnel] Reflect: ReflectionHelper{ServerConnection=class net.minecraft.server.network.ServerConnectionListener, LegacyPingHandler=class net.minecraft.server.network.LegacyQueryHandler, MinecraftServer=class net.minecraft.server.MinecraftServer, PacketSplitter=class net.minecraft.network.Varint21FrameDecoder, PacketDecoder=class net.minecraft.network.PacketDecoder, EnumProtocolDirection=class net.minecraft.network.protocol.PacketFlow, PacketPrepender=class net.minecraft.network.Varint21LengthFieldPrepender, PacketEncoder=class net.minecraft.network.PacketEncoder, NetworkManagerServer=class net.minecraft.network.RateKickingConnection, NetworkManager=class net.minecraft.network.Connection, HandshakeListener=class net.minecraft.server.network.ServerHandshakePacketListenerImpl, PacketListener=interface net.minecraft.network.PacketListener, CraftServer=class org.bukkit.craftbukkit.CraftServer}
[20:52:26 INFO]: [gg.playit.minecraft.PlayitTcpTunnel] legacyPingHandler is null
[20:52:26 INFO]: [gg.playit.minecraft.PlayitTcpTunnel] connecting to minecraft server at localhost/127.0.0.1:25565
[20:52:26 INFO]: [gg.playit.minecraft.PlayitTcpTunnel] connected to local minecraft server
[20:52:27 INFO]: UUID of player NotJxlly is f34b2cf3-af89-4012-87db-df6e2ab0d3aa
[20:52:27 INFO]: NotJxlly joined the game
[20:52:27 INFO]: NotJxlly[/127.0.0.1:44820] logged in with entity id 1172 at ([world]-1149.5869914236976, 72.0, -516.0866451138602)
[20:53:47 INFO]: [gg.playit.control.ChannelSetup] send keep alive
[20:53:59 INFO]: [gg.playit.control.ChannelSetup] send keep alive
