[15:55:17] [ServerMain/INFO]: [bootstrap] Running Java 21 (OpenJDK 64-Bit Server VM 21.0.8+9-LTS; Eclipse Adoptium Temurin-21.0.8+9) on Linux 6.14.0-1012-azure (amd64)
[15:55:17] [ServerMain/INFO]: [bootstrap] Loading Purpur 1.21.8-2497-HEAD@a49cdb9 (2025-09-19T01:51:04Z) for Minecraft 1.21.8
[15:55:19] [ServerMain/INFO]: [PluginInitializerManager] Initializing plugins...
[15:55:20] [ServerMain/WARN]: [MavenLibraryResolver] Use of Maven Central as a CDN is against the Maven Central Terms of Service. Use MavenLibraryResolver.MAVEN_CENTRAL_DEFAULT_MIRROR instead.
java.lang.RuntimeException: Plugin used Maven Central for library resolution (MavenRepo (https://repo.maven.apache.org/maven2/, default, releases+snapshots))
	at io.papermc.paper.plugin.loader.library.impl.MavenLibraryResolver.addRepository(MavenLibraryResolver.java:126) ~[purpur-api-1.21.8-R0.1-SNAPSHOT.jar:?]
	at java.base/java.util.stream.ForEachOps$ForEachOp$OfRef.accept(ForEachOps.java:184) ~[?:?]
	at java.base/java.util.stream.ReferencePipeline$3$1.accept(ReferencePipeline.java:197) ~[?:?]
	at java.base/java.util.Iterator.forEachRemaining(Iterator.java:133) ~[?:?]
	at java.base/java.util.Spliterators$IteratorSpliterator.forEachRemaining(Spliterators.java:1939) ~[?:?]
	at java.base/java.util.stream.AbstractPipeline.copyInto(AbstractPipeline.java:509) ~[?:?]
	at java.base/java.util.stream.AbstractPipeline.wrapAndCopyInto(AbstractPipeline.java:499) ~[?:?]
	at java.base/java.util.stream.ForEachOps$ForEachOp.evaluateSequential(ForEachOps.java:151) ~[?:?]
	at java.base/java.util.stream.ForEachOps$ForEachOp$OfRef.evaluateSequential(ForEachOps.java:174) ~[?:?]
	at java.base/java.util.stream.AbstractPipeline.evaluate(AbstractPipeline.java:234) ~[?:?]
	at java.base/java.util.stream.ReferencePipeline.forEach(ReferencePipeline.java:596) ~[?:?]
	at RFP-4.1.4.jar/me.marlester.rfp.ReallyFakePlayersLoader.classloader(ReallyFakePlayersLoader.java:45) ~[RFP-4.1.4.jar:?]
	at io.papermc.paper.plugin.provider.type.paper.PaperPluginProviderFactory.build(PaperPluginProviderFactory.java:38) ~[purpur-1.21.8.jar:1.21.8-2497-a49cdb9]
	at io.papermc.paper.plugin.provider.type.paper.PaperPluginProviderFactory.build(PaperPluginProviderFactory.java:23) ~[purpur-1.21.8.jar:1.21.8-2497-a49cdb9]
	at io.papermc.paper.plugin.provider.type.PluginFileType.register(PluginFileType.java:72) ~[purpur-1.21.8.jar:1.21.8-2497-a49cdb9]
	at io.papermc.paper.plugin.provider.source.FileProviderSource.registerProviders(FileProviderSource.java:95) ~[purpur-1.21.8.jar:1.21.8-2497-a49cdb9]
	at io.papermc.paper.plugin.provider.source.DirectoryProviderSource.registerProviders(DirectoryProviderSource.java:52) ~[purpur-1.21.8.jar:1.21.8-2497-a49cdb9]
	at io.papermc.paper.plugin.provider.source.DirectoryProviderSource.registerProviders(DirectoryProviderSource.java:17) ~[purpur-1.21.8.jar:1.21.8-2497-a49cdb9]
	at io.papermc.paper.plugin.util.EntrypointUtil.registerProvidersFromSource(EntrypointUtil.java:15) ~[purpur-1.21.8.jar:1.21.8-2497-a49cdb9]
	at io.papermc.paper.plugin.PluginInitializerManager.load(PluginInitializerManager.java:113) ~[purpur-1.21.8.jar:1.21.8-2497-a49cdb9]
	at net.minecraft.server.Main.main(Main.java:119) ~[purpur-1.21.8.jar:1.21.8-2497-a49cdb9]
	at io.papermc.paper.PaperBootstrap.boot(PaperBootstrap.java:21) ~[purpur-1.21.8.jar:1.21.8-2497-a49cdb9]
	at org.bukkit.craftbukkit.Main.main(Main.java:250) ~[purpur-1.21.8.jar:1.21.8-2497-a49cdb9]
	at io.papermc.paperclip.Paperclip.lambda$main$0(Paperclip.java:42) ~[app:?]
	at java.base/java.lang.Thread.run(Thread.java:1583) ~[?:?]
[15:55:20] [ServerMain/WARN]: [MavenLibraryResolver] Use of Maven Central as a CDN is against the Maven Central Terms of Service. Use MavenLibraryResolver.MAVEN_CENTRAL_DEFAULT_MIRROR instead.
java.lang.RuntimeException: Plugin used Maven Central for library resolution (maven5 (https://repo.maven.apache.org/maven2/, default, releases+snapshots))
	at io.papermc.paper.plugin.loader.library.impl.MavenLibraryResolver.addRepository(MavenLibraryResolver.java:126) ~[purpur-api-1.21.8-R0.1-SNAPSHOT.jar:?]
	at java.base/java.util.stream.ForEachOps$ForEachOp$OfRef.accept(ForEachOps.java:184) ~[?:?]
	at java.base/java.util.stream.ReferencePipeline$3$1.accept(ReferencePipeline.java:197) ~[?:?]
	at java.base/java.util.Iterator.forEachRemaining(Iterator.java:133) ~[?:?]
	at java.base/java.util.Spliterators$IteratorSpliterator.forEachRemaining(Spliterators.java:1939) ~[?:?]
	at java.base/java.util.stream.AbstractPipeline.copyInto(AbstractPipeline.java:509) ~[?:?]
	at java.base/java.util.stream.AbstractPipeline.wrapAndCopyInto(AbstractPipeline.java:499) ~[?:?]
	at java.base/java.util.stream.ForEachOps$ForEachOp.evaluateSequential(ForEachOps.java:151) ~[?:?]
	at java.base/java.util.stream.ForEachOps$ForEachOp$OfRef.evaluateSequential(ForEachOps.java:174) ~[?:?]
	at java.base/java.util.stream.AbstractPipeline.evaluate(AbstractPipeline.java:234) ~[?:?]
	at java.base/java.util.stream.ReferencePipeline.forEach(ReferencePipeline.java:596) ~[?:?]
	at RFP-4.1.4.jar/me.marlester.rfp.ReallyFakePlayersLoader.classloader(ReallyFakePlayersLoader.java:45) ~[RFP-4.1.4.jar:?]
	at io.papermc.paper.plugin.provider.type.paper.PaperPluginProviderFactory.build(PaperPluginProviderFactory.java:38) ~[purpur-1.21.8.jar:1.21.8-2497-a49cdb9]
	at io.papermc.paper.plugin.provider.type.paper.PaperPluginProviderFactory.build(PaperPluginProviderFactory.java:23) ~[purpur-1.21.8.jar:1.21.8-2497-a49cdb9]
	at io.papermc.paper.plugin.provider.type.PluginFileType.register(PluginFileType.java:72) ~[purpur-1.21.8.jar:1.21.8-2497-a49cdb9]
	at io.papermc.paper.plugin.provider.source.FileProviderSource.registerProviders(FileProviderSource.java:95) ~[purpur-1.21.8.jar:1.21.8-2497-a49cdb9]
	at io.papermc.paper.plugin.provider.source.DirectoryProviderSource.registerProviders(DirectoryProviderSource.java:52) ~[purpur-1.21.8.jar:1.21.8-2497-a49cdb9]
	at io.papermc.paper.plugin.provider.source.DirectoryProviderSource.registerProviders(DirectoryProviderSource.java:17) ~[purpur-1.21.8.jar:1.21.8-2497-a49cdb9]
	at io.papermc.paper.plugin.util.EntrypointUtil.registerProvidersFromSource(EntrypointUtil.java:15) ~[purpur-1.21.8.jar:1.21.8-2497-a49cdb9]
	at io.papermc.paper.plugin.PluginInitializerManager.load(PluginInitializerManager.java:113) ~[purpur-1.21.8.jar:1.21.8-2497-a49cdb9]
	at net.minecraft.server.Main.main(Main.java:119) ~[purpur-1.21.8.jar:1.21.8-2497-a49cdb9]
	at io.papermc.paper.PaperBootstrap.boot(PaperBootstrap.java:21) ~[purpur-1.21.8.jar:1.21.8-2497-a49cdb9]
	at org.bukkit.craftbukkit.Main.main(Main.java:250) ~[purpur-1.21.8.jar:1.21.8-2497-a49cdb9]
	at io.papermc.paperclip.Paperclip.lambda$main$0(Paperclip.java:42) ~[app:?]
	at java.base/java.lang.Thread.run(Thread.java:1583) ~[?:?]
[15:55:20] [ServerMain/INFO]: [MavenLibraryResolver] Downloading https://repo.maven.apache.org/maven2/com/github/marlester-dev/MCBotLib/1.2.0/MCBotLib-1.2.0.pom
[15:55:21] [ServerMain/INFO]: [MavenLibraryResolver] Downloading https://jitpack.io/com/github/marlester-dev/MCBotLib/1.2.0/MCBotLib-1.2.0.pom
[15:55:22] [DefaultMetadataResolver-0-0/INFO]: [MavenLibraryResolver] Downloading https://repo.maven.apache.org/maven2/org/geysermc/mcprotocollib/protocol/1.21.4-SNAPSHOT/maven-metadata.xml
[15:55:22] [DefaultMetadataResolver-0-2/INFO]: [MavenLibraryResolver] Downloading https://repo.opencollab.dev/maven-releases/org/geysermc/mcprotocollib/protocol/1.21.4-SNAPSHOT/maven-metadata.xml
[15:55:22] [DefaultMetadataResolver-0-1/INFO]: [MavenLibraryResolver] Downloading https://jitpack.io/org/geysermc/mcprotocollib/protocol/1.21.4-SNAPSHOT/maven-metadata.xml
[15:55:22] [DefaultMetadataResolver-0-3/INFO]: [MavenLibraryResolver] Downloading https://repo.opencollab.dev/maven-snapshots/org/geysermc/mcprotocollib/protocol/1.21.4-SNAPSHOT/maven-metadata.xml
[15:55:22] [DefaultMetadataResolver-0-1/INFO]: [MavenLibraryResolver] Downloading https://repo.papermc.io/repository/maven-public/org/geysermc/mcprotocollib/protocol/1.21.4-SNAPSHOT/maven-metadata.xml
[15:55:22] [DefaultMetadataResolver-0-0/INFO]: [MavenLibraryResolver] Downloading https://repo.papermc.io/repository/maven-public/org/geysermc/mcprotocollib/protocol/1.21.4-SNAPSHOT/maven-metadata.xml
[15:55:23] [DefaultMetadataResolver-0-2/INFO]: [MavenLibraryResolver] Downloading https://repo.papermc.io/repository/maven-public/org/geysermc/mcprotocollib/protocol/1.21.4-SNAPSHOT/maven-metadata.xml
[15:55:23] [DefaultMetadataResolver-0-0/INFO]: [MavenLibraryResolver] Downloading https://repo.maven.apache.org/maven2/org/geysermc/mcprotocollib/protocol/1.21.4-SNAPSHOT/maven-metadata.xml
[15:55:23] [DefaultMetadataResolver-0-0/INFO]: [MavenLibraryResolver] Downloading https://repo.papermc.io/repository/maven-public/org/geysermc/mcprotocollib/protocol/1.21.4-SNAPSHOT/maven-metadata.xml
[15:55:23] [DefaultMetadataResolver-0-1/INFO]: [MavenLibraryResolver] Downloading https://maven.fabricmc.net/org/geysermc/mcprotocollib/protocol/1.21.4-SNAPSHOT/maven-metadata.xml
[15:55:23] [DefaultMetadataResolver-0-3/INFO]: [MavenLibraryResolver] Downloading https://maven.neoforged.net/releases/org/geysermc/mcprotocollib/protocol/1.21.4-SNAPSHOT/maven-metadata.xml
[15:55:23] [DefaultMetadataResolver-0-1/INFO]: [MavenLibraryResolver] Downloading https://repo.papermc.io/repository/maven-public/org/geysermc/mcprotocollib/protocol/1.21.4-SNAPSHOT/maven-metadata.xml
[15:55:23] [DefaultMetadataResolver-0-2/INFO]: [MavenLibraryResolver] Downloading https://maven.parchmentmc.org/org/geysermc/mcprotocollib/protocol/1.21.4-SNAPSHOT/maven-metadata.xml
[15:55:24] [DefaultMetadataResolver-0-0/INFO]: [MavenLibraryResolver] Downloading https://repo.papermc.io/repository/maven-public/org/geysermc/mcprotocollib/protocol/1.21.4-SNAPSHOT/maven-metadata.xml
[15:55:25] [ServerMain/INFO]: [MavenLibraryResolver] Downloading https://repo.maven.apache.org/maven2/org/geysermc/mcprotocollib/protocol/1.21.4-SNAPSHOT/protocol-1.21.4-20250612.174129-27.pom
[15:55:25] [ServerMain/INFO]: [MavenLibraryResolver] Downloading https://jitpack.io/org/geysermc/mcprotocollib/protocol/1.21.4-SNAPSHOT/protocol-1.21.4-20250612.174129-27.pom
[15:55:25] [ServerMain/INFO]: [MavenLibraryResolver] Downloading https://repo.opencollab.dev/maven-releases/org/geysermc/mcprotocollib/protocol/1.21.4-SNAPSHOT/protocol-1.21.4-20250612.174129-27.pom
[15:55:25] [ServerMain/INFO]: [MavenLibraryResolver] Downloading https://repo.opencollab.dev/maven-snapshots/org/geysermc/mcprotocollib/protocol/1.21.4-SNAPSHOT/protocol-1.21.4-20250612.174129-27.pom
[15:55:26] [ServerMain/INFO]: [MavenLibraryResolver] Downloading https://repo.maven.apache.org/maven2/org/cloudburstmc/nbt/3.0.0.Final/nbt-3.0.0.Final.pom
[15:55:26] [ServerMain/INFO]: [MavenLibraryResolver] Downloading https://repo.maven.apache.org/maven2/com/google/code/gson/gson/2.11.0/gson-2.11.0.pom
[15:55:26] [ServerMain/INFO]: [MavenLibraryResolver] Downloading https://repo.maven.apache.org/maven2/com/google/code/gson/gson-parent/2.11.0/gson-parent-2.11.0.pom
[15:55:26] [ServerMain/INFO]: [MavenLibraryResolver] Downloading https://repo.maven.apache.org/maven2/com/google/errorprone/error_prone_annotations/2.27.0/error_prone_annotations-2.27.0.pom
[15:55:26] [ServerMain/INFO]: [MavenLibraryResolver] Downloading https://repo.maven.apache.org/maven2/com/google/errorprone/error_prone_parent/2.27.0/error_prone_parent-2.27.0.pom
[15:55:26] [ServerMain/INFO]: [MavenLibraryResolver] Downloading https://repo.maven.apache.org/maven2/net/raphimc/MinecraftAuth/4.1.1/MinecraftAuth-4.1.1.pom
[15:55:26] [ServerMain/INFO]: [MavenLibraryResolver] Downloading https://repo.maven.apache.org/maven2/net/lenni0451/commons/httpclient/1.6.0/httpclient-1.6.0.pom
[15:55:26] [ServerMain/INFO]: [MavenLibraryResolver] Downloading https://repo.maven.apache.org/maven2/io/jsonwebtoken/jjwt-impl/0.12.6/jjwt-impl-0.12.6.pom
[15:55:26] [ServerMain/INFO]: [MavenLibraryResolver] Downloading https://repo.maven.apache.org/maven2/io/jsonwebtoken/jjwt-root/0.12.6/jjwt-root-0.12.6.pom
[15:55:26] [ServerMain/INFO]: [MavenLibraryResolver] Downloading https://repo.maven.apache.org/maven2/io/jsonwebtoken/jjwt-api/0.12.6/jjwt-api-0.12.6.pom
[15:55:26] [ServerMain/INFO]: [MavenLibraryResolver] Downloading https://repo.maven.apache.org/maven2/io/jsonwebtoken/jjwt-gson/0.12.6/jjwt-gson-0.12.6.pom
[15:55:27] [ServerMain/INFO]: [MavenLibraryResolver] Downloading https://repo.maven.apache.org/maven2/org/slf4j/slf4j-api/2.0.16/slf4j-api-2.0.16.pom
[15:55:27] [ServerMain/INFO]: [MavenLibraryResolver] Downloading https://repo.maven.apache.org/maven2/org/slf4j/slf4j-parent/2.0.16/slf4j-parent-2.0.16.pom
[15:55:27] [ServerMain/INFO]: [MavenLibraryResolver] Downloading https://repo.maven.apache.org/maven2/org/slf4j/slf4j-bom/2.0.16/slf4j-bom-2.0.16.pom
[15:55:27] [ServerMain/INFO]: [MavenLibraryResolver] Downloading https://repo.maven.apache.org/maven2/org/slf4j/slf4j-api/2.0.9/slf4j-api-2.0.9.pom
[15:55:27] [ServerMain/INFO]: [MavenLibraryResolver] Downloading https://repo.maven.apache.org/maven2/org/slf4j/slf4j-parent/2.0.9/slf4j-parent-2.0.9.pom
[15:55:27] [ServerMain/INFO]: [MavenLibraryResolver] Downloading https://repo.maven.apache.org/maven2/org/slf4j/slf4j-bom/2.0.9/slf4j-bom-2.0.9.pom
[15:55:27] [ServerMain/INFO]: [MavenLibraryResolver] Downloading https://repo.maven.apache.org/maven2/net/kyori/adventure-text-serializer-gson/4.17.0/adventure-text-serializer-gson-4.17.0.pom
[15:55:27] [ServerMain/INFO]: [MavenLibraryResolver] Downloading https://repo.maven.apache.org/maven2/net/kyori/adventure-bom/4.17.0/adventure-bom-4.17.0.pom
[15:55:27] [ServerMain/INFO]: [MavenLibraryResolver] Downloading https://repo.maven.apache.org/maven2/net/kyori/adventure-text-serializer-json/4.17.0/adventure-text-serializer-json-4.17.0.pom
[15:55:27] [ServerMain/INFO]: [MavenLibraryResolver] Downloading https://repo.maven.apache.org/maven2/net/kyori/adventure-api/4.17.0/adventure-api-4.17.0.pom
[15:55:27] [ServerMain/INFO]: [MavenLibraryResolver] Downloading https://repo.maven.apache.org/maven2/net/kyori/adventure-key/4.17.0/adventure-key-4.17.0.pom
[15:55:27] [ServerMain/INFO]: [MavenLibraryResolver] Downloading https://repo.maven.apache.org/maven2/net/kyori/examination-api/1.3.0/examination-api-1.3.0.pom
[15:55:27] [ServerMain/INFO]: [MavenLibraryResolver] Downloading https://repo.maven.apache.org/maven2/org/jetbrains/annotations/22.0.0/annotations-22.0.0.pom
[15:55:27] [ServerMain/INFO]: [MavenLibraryResolver] Downloading https://repo.maven.apache.org/maven2/net/kyori/examination-string/1.3.0/examination-string-1.3.0.pom
[15:55:27] [ServerMain/INFO]: [MavenLibraryResolver] Downloading https://repo.maven.apache.org/maven2/org/jetbrains/annotations/24.1.0/annotations-24.1.0.pom
[15:55:27] [ServerMain/INFO]: [MavenLibraryResolver] Downloading https://repo.maven.apache.org/maven2/net/kyori/option/1.0.0/option-1.0.0.pom
[15:55:28] [ServerMain/INFO]: [MavenLibraryResolver] Downloading https://repo.maven.apache.org/maven2/com/google/code/gson/gson/2.8.0/gson-2.8.0.pom
[15:55:28] [ServerMain/INFO]: [MavenLibraryResolver] Downloading https://repo.maven.apache.org/maven2/com/google/code/gson/gson-parent/2.8.0/gson-parent-2.8.0.pom
[15:55:28] [ServerMain/INFO]: [MavenLibraryResolver] Downloading https://repo.maven.apache.org/maven2/org/sonatype/oss/oss-parent/7/oss-parent-7.pom
[15:55:28] [ServerMain/INFO]: [MavenLibraryResolver] Downloading https://repo.maven.apache.org/maven2/com/google/auto/service/auto-service-annotations/1.1.1/auto-service-annotations-1.1.1.pom
[15:55:28] [ServerMain/INFO]: [MavenLibraryResolver] Downloading https://repo.maven.apache.org/maven2/com/google/auto/service/auto-service-aggregator/1.1.1/auto-service-aggregator-1.1.1.pom
[15:55:28] [ServerMain/INFO]: [MavenLibraryResolver] Downloading https://repo.maven.apache.org/maven2/net/kyori/adventure-text-serializer-json-legacy-impl/4.17.0/adventure-text-serializer-json-legacy-impl-4.17.0.pom
[15:55:28] [ServerMain/INFO]: [MavenLibraryResolver] Downloading https://repo.maven.apache.org/maven2/net/kyori/adventure-nbt/4.17.0/adventure-nbt-4.17.0.pom
[15:55:28] [ServerMain/INFO]: [MavenLibraryResolver] Downloading https://repo.maven.apache.org/maven2/org/cloudburstmc/math/api/2.0/api-2.0.pom
[15:55:28] [ServerMain/INFO]: [MavenLibraryResolver] Downloading https://jitpack.io/org/cloudburstmc/math/api/2.0/api-2.0.pom
[15:55:28] [ServerMain/INFO]: [MavenLibraryResolver] Downloading https://repo.opencollab.dev/maven-releases/org/cloudburstmc/math/api/2.0/api-2.0.pom
[15:55:29] [ServerMain/INFO]: [MavenLibraryResolver] Downloading https://repo.maven.apache.org/maven2/org/cloudburstmc/math/math-parent/2.0/math-parent-2.0.pom
[15:55:29] [ServerMain/INFO]: [MavenLibraryResolver] Downloading https://jitpack.io/org/cloudburstmc/math/math-parent/2.0/math-parent-2.0.pom
[15:55:29] [ServerMain/INFO]: [MavenLibraryResolver] Downloading https://repo.opencollab.dev/maven-releases/org/cloudburstmc/math/math-parent/2.0/math-parent-2.0.pom
[15:55:30] [ServerMain/INFO]: [MavenLibraryResolver] Downloading https://repo.maven.apache.org/maven2/org/sonatype/oss/oss-parent/9/oss-parent-9.pom
[15:55:30] [ServerMain/INFO]: [MavenLibraryResolver] Downloading https://repo.maven.apache.org/maven2/org/cloudburstmc/math/immutable/2.0/immutable-2.0.pom
[15:55:30] [ServerMain/INFO]: [MavenLibraryResolver] Downloading https://jitpack.io/org/cloudburstmc/math/immutable/2.0/immutable-2.0.pom
[15:55:30] [ServerMain/INFO]: [MavenLibraryResolver] Downloading https://repo.opencollab.dev/maven-releases/org/cloudburstmc/math/immutable/2.0/immutable-2.0.pom
[15:55:30] [ServerMain/INFO]: [MavenLibraryResolver] Downloading https://repo.maven.apache.org/maven2/com/nukkitx/fastutil/fastutil-object-int-maps/8.5.3/fastutil-object-int-maps-8.5.3.pom
[15:55:30] [ServerMain/INFO]: [MavenLibraryResolver] Downloading https://jitpack.io/com/nukkitx/fastutil/fastutil-object-int-maps/8.5.3/fastutil-object-int-maps-8.5.3.pom
[15:55:30] [ServerMain/INFO]: [MavenLibraryResolver] Downloading https://repo.opencollab.dev/maven-releases/com/nukkitx/fastutil/fastutil-object-int-maps/8.5.3/fastutil-object-int-maps-8.5.3.pom
[15:55:31] [ServerMain/INFO]: [MavenLibraryResolver] Downloading https://repo.maven.apache.org/maven2/com/nukkitx/fastutil/fastutil-object-map-parent/8.5.3/fastutil-object-map-parent-8.5.3.pom
[15:55:31] [ServerMain/INFO]: [MavenLibraryResolver] Downloading https://jitpack.io/com/nukkitx/fastutil/fastutil-object-map-parent/8.5.3/fastutil-object-map-parent-8.5.3.pom
[15:55:31] [ServerMain/INFO]: [MavenLibraryResolver] Downloading https://repo.opencollab.dev/maven-releases/com/nukkitx/fastutil/fastutil-object-map-parent/8.5.3/fastutil-object-map-parent-8.5.3.pom
[15:55:32] [ServerMain/INFO]: [MavenLibraryResolver] Downloading https://repo.maven.apache.org/maven2/com/nukkitx/fastutil/fastutil-map-parent/8.5.3/fastutil-map-parent-8.5.3.pom
[15:55:32] [ServerMain/INFO]: [MavenLibraryResolver] Downloading https://jitpack.io/com/nukkitx/fastutil/fastutil-map-parent/8.5.3/fastutil-map-parent-8.5.3.pom
[15:55:32] [ServerMain/INFO]: [MavenLibraryResolver] Downloading https://repo.opencollab.dev/maven-releases/com/nukkitx/fastutil/fastutil-map-parent/8.5.3/fastutil-map-parent-8.5.3.pom
[15:55:32] [ServerMain/INFO]: [MavenLibraryResolver] Downloading https://repo.maven.apache.org/maven2/com/nukkitx/fastutil/fastutil-parent/8.5.3/fastutil-parent-8.5.3.pom
[15:55:32] [ServerMain/INFO]: [MavenLibraryResolver] Downloading https://jitpack.io/com/nukkitx/fastutil/fastutil-parent/8.5.3/fastutil-parent-8.5.3.pom
[15:55:32] [ServerMain/INFO]: [MavenLibraryResolver] Downloading https://repo.opencollab.dev/maven-releases/com/nukkitx/fastutil/fastutil-parent/8.5.3/fastutil-parent-8.5.3.pom
[15:55:33] [ServerMain/INFO]: [MavenLibraryResolver] Downloading https://repo.maven.apache.org/maven2/com/nukkitx/fastutil/fastutil-object-sets/8.5.3/fastutil-object-sets-8.5.3.pom
[15:55:33] [ServerMain/INFO]: [MavenLibraryResolver] Downloading https://jitpack.io/com/nukkitx/fastutil/fastutil-object-sets/8.5.3/fastutil-object-sets-8.5.3.pom
[15:55:33] [ServerMain/INFO]: [MavenLibraryResolver] Downloading https://repo.opencollab.dev/maven-releases/com/nukkitx/fastutil/fastutil-object-sets/8.5.3/fastutil-object-sets-8.5.3.pom
[15:55:34] [ServerMain/INFO]: [MavenLibraryResolver] Downloading https://repo.maven.apache.org/maven2/com/nukkitx/fastutil/fastutil-set-parent/8.5.3/fastutil-set-parent-8.5.3.pom
[15:55:34] [ServerMain/INFO]: [MavenLibraryResolver] Downloading https://jitpack.io/com/nukkitx/fastutil/fastutil-set-parent/8.5.3/fastutil-set-parent-8.5.3.pom
[15:55:34] [ServerMain/INFO]: [MavenLibraryResolver] Downloading https://repo.opencollab.dev/maven-releases/com/nukkitx/fastutil/fastutil-set-parent/8.5.3/fastutil-set-parent-8.5.3.pom
[15:55:34] [ServerMain/INFO]: [MavenLibraryResolver] Downloading https://repo.maven.apache.org/maven2/com/nukkitx/fastutil/fastutil-object-common/8.5.3/fastutil-object-common-8.5.3.pom
[15:55:34] [ServerMain/INFO]: [MavenLibraryResolver] Downloading https://jitpack.io/com/nukkitx/fastutil/fastutil-object-common/8.5.3/fastutil-object-common-8.5.3.pom
[15:55:34] [ServerMain/INFO]: [MavenLibraryResolver] Downloading https://repo.opencollab.dev/maven-releases/com/nukkitx/fastutil/fastutil-object-common/8.5.3/fastutil-object-common-8.5.3.pom
[15:55:35] [ServerMain/INFO]: [MavenLibraryResolver] Downloading https://repo.maven.apache.org/maven2/com/nukkitx/fastutil/fastutil-common-parent/8.5.3/fastutil-common-parent-8.5.3.pom
[15:55:35] [ServerMain/INFO]: [MavenLibraryResolver] Downloading https://jitpack.io/com/nukkitx/fastutil/fastutil-common-parent/8.5.3/fastutil-common-parent-8.5.3.pom
[15:55:35] [ServerMain/INFO]: [MavenLibraryResolver] Downloading https://repo.opencollab.dev/maven-releases/com/nukkitx/fastutil/fastutil-common-parent/8.5.3/fastutil-common-parent-8.5.3.pom
[15:55:35] [ServerMain/INFO]: [MavenLibraryResolver] Downloading https://repo.maven.apache.org/maven2/com/nukkitx/fastutil/fastutil-common/8.5.3/fastutil-common-8.5.3.pom
[15:55:36] [ServerMain/INFO]: [MavenLibraryResolver] Downloading https://jitpack.io/com/nukkitx/fastutil/fastutil-common/8.5.3/fastutil-common-8.5.3.pom
[15:55:36] [ServerMain/INFO]: [MavenLibraryResolver] Downloading https://repo.opencollab.dev/maven-releases/com/nukkitx/fastutil/fastutil-common/8.5.3/fastutil-common-8.5.3.pom
[15:55:37] [ServerMain/INFO]: [MavenLibraryResolver] Downloading https://repo.maven.apache.org/maven2/com/nukkitx/fastutil/fastutil-int-sets/8.5.3/fastutil-int-sets-8.5.3.pom
[15:55:37] [ServerMain/INFO]: [MavenLibraryResolver] Downloading https://jitpack.io/com/nukkitx/fastutil/fastutil-int-sets/8.5.3/fastutil-int-sets-8.5.3.pom
[15:55:37] [ServerMain/INFO]: [MavenLibraryResolver] Downloading https://repo.opencollab.dev/maven-releases/com/nukkitx/fastutil/fastutil-int-sets/8.5.3/fastutil-int-sets-8.5.3.pom
[15:55:37] [ServerMain/INFO]: [MavenLibraryResolver] Downloading https://repo.maven.apache.org/maven2/com/nukkitx/fastutil/fastutil-int-common/8.5.3/fastutil-int-common-8.5.3.pom
[15:55:37] [ServerMain/INFO]: [MavenLibraryResolver] Downloading https://jitpack.io/com/nukkitx/fastutil/fastutil-int-common/8.5.3/fastutil-int-common-8.5.3.pom
[15:55:37] [ServerMain/INFO]: [MavenLibraryResolver] Downloading https://repo.opencollab.dev/maven-releases/com/nukkitx/fastutil/fastutil-int-common/8.5.3/fastutil-int-common-8.5.3.pom
[15:55:38] [ServerMain/INFO]: [MavenLibraryResolver] Downloading https://repo.maven.apache.org/maven2/com/nukkitx/fastutil/fastutil-int-object-maps/8.5.3/fastutil-int-object-maps-8.5.3.pom
[15:55:38] [ServerMain/INFO]: [MavenLibraryResolver] Downloading https://jitpack.io/com/nukkitx/fastutil/fastutil-int-object-maps/8.5.3/fastutil-int-object-maps-8.5.3.pom
[15:55:38] [ServerMain/INFO]: [MavenLibraryResolver] Downloading https://repo.opencollab.dev/maven-releases/com/nukkitx/fastutil/fastutil-int-object-maps/8.5.3/fastutil-int-object-maps-8.5.3.pom
[15:55:38] [ServerMain/INFO]: [MavenLibraryResolver] Downloading https://repo.maven.apache.org/maven2/com/nukkitx/fastutil/fastutil-int-map-parent/8.5.3/fastutil-int-map-parent-8.5.3.pom
[15:55:38] [ServerMain/INFO]: [MavenLibraryResolver] Downloading https://jitpack.io/com/nukkitx/fastutil/fastutil-int-map-parent/8.5.3/fastutil-int-map-parent-8.5.3.pom
[15:55:38] [ServerMain/INFO]: [MavenLibraryResolver] Downloading https://repo.opencollab.dev/maven-releases/com/nukkitx/fastutil/fastutil-int-map-parent/8.5.3/fastutil-int-map-parent-8.5.3.pom
[15:55:39] [ServerMain/INFO]: [MavenLibraryResolver] Downloading https://repo.maven.apache.org/maven2/com/nukkitx/fastutil/fastutil-int-int-maps/8.5.3/fastutil-int-int-maps-8.5.3.pom
[15:55:39] [ServerMain/INFO]: [MavenLibraryResolver] Downloading https://jitpack.io/com/nukkitx/fastutil/fastutil-int-int-maps/8.5.3/fastutil-int-int-maps-8.5.3.pom
[15:55:39] [ServerMain/INFO]: [MavenLibraryResolver] Downloading https://repo.opencollab.dev/maven-releases/com/nukkitx/fastutil/fastutil-int-int-maps/8.5.3/fastutil-int-int-maps-8.5.3.pom
[15:55:39] [ServerMain/INFO]: [MavenLibraryResolver] Downloading https://repo.maven.apache.org/maven2/io/netty/netty-all/4.1.103.Final/netty-all-4.1.103.Final.pom
[15:55:39] [ServerMain/INFO]: [MavenLibraryResolver] Downloading https://repo.maven.apache.org/maven2/io/netty/netty-buffer/4.1.103.Final/netty-buffer-4.1.103.Final.pom
[15:55:39] [ServerMain/INFO]: [MavenLibraryResolver] Downloading https://repo.maven.apache.org/maven2/io/netty/netty-parent/4.1.103.Final/netty-parent-4.1.103.Final.pom
[15:55:39] [ServerMain/INFO]: [MavenLibraryResolver] Downloading https://repo.maven.apache.org/maven2/io/netty/netty-codec/4.1.103.Final/netty-codec-4.1.103.Final.pom
[15:55:39] [ServerMain/INFO]: [MavenLibraryResolver] Downloading https://repo.maven.apache.org/maven2/io/netty/netty-codec-dns/4.1.103.Final/netty-codec-dns-4.1.103.Final.pom
[15:55:40] [ServerMain/INFO]: [MavenLibraryResolver] Downloading https://repo.maven.apache.org/maven2/io/netty/netty-codec-haproxy/4.1.103.Final/netty-codec-haproxy-4.1.103.Final.pom
[15:55:40] [ServerMain/INFO]: [MavenLibraryResolver] Downloading https://repo.maven.apache.org/maven2/io/netty/netty-codec-http/4.1.103.Final/netty-codec-http-4.1.103.Final.pom
[15:55:40] [ServerMain/INFO]: [MavenLibraryResolver] Downloading https://repo.maven.apache.org/maven2/io/netty/netty-codec-http2/4.1.103.Final/netty-codec-http2-4.1.103.Final.pom
[15:55:40] [ServerMain/INFO]: [MavenLibraryResolver] Downloading https://repo.maven.apache.org/maven2/io/netty/netty-codec-memcache/4.1.103.Final/netty-codec-memcache-4.1.103.Final.pom
[15:55:40] [ServerMain/INFO]: [MavenLibraryResolver] Downloading https://repo.maven.apache.org/maven2/io/netty/netty-codec-mqtt/4.1.103.Final/netty-codec-mqtt-4.1.103.Final.pom
[15:55:40] [ServerMain/INFO]: [MavenLibraryResolver] Downloading https://repo.maven.apache.org/maven2/io/netty/netty-codec-redis/4.1.103.Final/netty-codec-redis-4.1.103.Final.pom
[15:55:40] [ServerMain/INFO]: [MavenLibraryResolver] Downloading https://repo.maven.apache.org/maven2/io/netty/netty-codec-smtp/4.1.103.Final/netty-codec-smtp-4.1.103.Final.pom
[15:55:40] [ServerMain/INFO]: [MavenLibraryResolver] Downloading https://repo.maven.apache.org/maven2/io/netty/netty-codec-socks/4.1.103.Final/netty-codec-socks-4.1.103.Final.pom
[15:55:40] [ServerMain/INFO]: [MavenLibraryResolver] Downloading https://repo.maven.apache.org/maven2/io/netty/netty-codec-stomp/4.1.103.Final/netty-codec-stomp-4.1.103.Final.pom
[15:55:40] [ServerMain/INFO]: [MavenLibraryResolver] Downloading https://repo.maven.apache.org/maven2/io/netty/netty-codec-xml/4.1.103.Final/netty-codec-xml-4.1.103.Final.pom
[15:55:40] [ServerMain/INFO]: [MavenLibraryResolver] Downloading https://repo.maven.apache.org/maven2/io/netty/netty-common/4.1.103.Final/netty-common-4.1.103.Final.pom
[15:55:40] [ServerMain/INFO]: [MavenLibraryResolver] Downloading https://repo.maven.apache.org/maven2/io/netty/netty-handler/4.1.103.Final/netty-handler-4.1.103.Final.pom
[15:55:40] [ServerMain/INFO]: [MavenLibraryResolver] Downloading https://repo.maven.apache.org/maven2/io/netty/netty-transport-native-unix-common/4.1.103.Final/netty-transport-native-unix-common-4.1.103.Final.pom
[15:55:40] [ServerMain/INFO]: [MavenLibraryResolver] Downloading https://repo.maven.apache.org/maven2/io/netty/netty-handler-proxy/4.1.103.Final/netty-handler-proxy-4.1.103.Final.pom
[15:55:41] [ServerMain/INFO]: [MavenLibraryResolver] Downloading https://repo.maven.apache.org/maven2/io/netty/netty-handler-ssl-ocsp/4.1.103.Final/netty-handler-ssl-ocsp-4.1.103.Final.pom
[15:55:41] [ServerMain/INFO]: [MavenLibraryResolver] Downloading https://repo.maven.apache.org/maven2/io/netty/netty-resolver/4.1.103.Final/netty-resolver-4.1.103.Final.pom
[15:55:41] [ServerMain/INFO]: [MavenLibraryResolver] Downloading https://repo.maven.apache.org/maven2/io/netty/netty-resolver-dns/4.1.103.Final/netty-resolver-dns-4.1.103.Final.pom
[15:55:41] [ServerMain/INFO]: [MavenLibraryResolver] Downloading https://repo.maven.apache.org/maven2/io/netty/netty-transport/4.1.103.Final/netty-transport-4.1.103.Final.pom
[15:55:41] [ServerMain/INFO]: [MavenLibraryResolver] Downloading https://repo.maven.apache.org/maven2/io/netty/netty-transport-rxtx/4.1.103.Final/netty-transport-rxtx-4.1.103.Final.pom
[15:55:41] [ServerMain/INFO]: [MavenLibraryResolver] Downloading https://repo.maven.apache.org/maven2/io/netty/netty-transport-sctp/4.1.103.Final/netty-transport-sctp-4.1.103.Final.pom
[15:55:41] [ServerMain/INFO]: [MavenLibraryResolver] Downloading https://repo.maven.apache.org/maven2/io/netty/netty-transport-udt/4.1.103.Final/netty-transport-udt-4.1.103.Final.pom
[15:55:41] [ServerMain/INFO]: [MavenLibraryResolver] Downloading https://repo.maven.apache.org/maven2/io/netty/netty-transport-classes-epoll/4.1.103.Final/netty-transport-classes-epoll-4.1.103.Final.pom
[15:55:41] [ServerMain/INFO]: [MavenLibraryResolver] Downloading https://repo.maven.apache.org/maven2/io/netty/netty-transport-classes-kqueue/4.1.103.Final/netty-transport-classes-kqueue-4.1.103.Final.pom
[15:55:41] [ServerMain/INFO]: [MavenLibraryResolver] Downloading https://repo.maven.apache.org/maven2/io/netty/netty-resolver-dns-classes-macos/4.1.103.Final/netty-resolver-dns-classes-macos-4.1.103.Final.pom
[15:55:41] [ServerMain/INFO]: [MavenLibraryResolver] Downloading https://repo.maven.apache.org/maven2/io/netty/netty-transport-native-epoll/4.1.103.Final/netty-transport-native-epoll-4.1.103.Final.pom
[15:55:41] [ServerMain/INFO]: [MavenLibraryResolver] Downloading https://repo.maven.apache.org/maven2/io/netty/netty-transport-native-kqueue/4.1.103.Final/netty-transport-native-kqueue-4.1.103.Final.pom
[15:55:41] [ServerMain/INFO]: [MavenLibraryResolver] Downloading https://repo.maven.apache.org/maven2/io/netty/netty-resolver-dns-native-macos/4.1.103.Final/netty-resolver-dns-native-macos-4.1.103.Final.pom
[15:55:41] [ServerMain/INFO]: [MavenLibraryResolver] Downloading https://repo.maven.apache.org/maven2/io/netty/incubator/netty-incubator-transport-native-io_uring/0.0.24.Final/netty-incubator-transport-native-io_uring-0.0.24.Final.pom
[15:55:41] [ServerMain/INFO]: [MavenLibraryResolver] Downloading https://repo.maven.apache.org/maven2/io/netty/incubator/netty-incubator-transport-parent-io_uring/0.0.24.Final/netty-incubator-transport-parent-io_uring-0.0.24.Final.pom
[15:55:42] [ServerMain/INFO]: [MavenLibraryResolver] Downloading https://repo.maven.apache.org/maven2/io/netty/incubator/netty-incubator-transport-classes-io_uring/0.0.24.Final/netty-incubator-transport-classes-io_uring-0.0.24.Final.pom
[15:55:42] [ServerMain/INFO]: [MavenLibraryResolver] Downloading https://repo.maven.apache.org/maven2/io/netty/netty-common/4.1.101.Final/netty-common-4.1.101.Final.pom
[15:55:42] [ServerMain/INFO]: [MavenLibraryResolver] Downloading https://repo.maven.apache.org/maven2/io/netty/netty-parent/4.1.101.Final/netty-parent-4.1.101.Final.pom
[15:55:42] [ServerMain/INFO]: [MavenLibraryResolver] Downloading https://repo.maven.apache.org/maven2/io/netty/netty-buffer/4.1.101.Final/netty-buffer-4.1.101.Final.pom
[15:55:42] [ServerMain/INFO]: [MavenLibraryResolver] Downloading https://repo.maven.apache.org/maven2/io/netty/netty-transport/4.1.101.Final/netty-transport-4.1.101.Final.pom
[15:55:42] [ServerMain/INFO]: [MavenLibraryResolver] Downloading https://repo.maven.apache.org/maven2/io/netty/netty-resolver/4.1.101.Final/netty-resolver-4.1.101.Final.pom
[15:55:42] [ServerMain/INFO]: [MavenLibraryResolver] Downloading https://repo.maven.apache.org/maven2/io/netty/netty-transport-native-unix-common/4.1.101.Final/netty-transport-native-unix-common-4.1.101.Final.pom
[15:55:42] [ServerMain/INFO]: [MavenLibraryResolver] Downloading https://repo.maven.apache.org/maven2/org/checkerframework/checker-qual/3.42.0/checker-qual-3.42.0.pom
[15:55:42] [ServerMain/INFO]: [MavenLibraryResolver] Downloading https://repo.maven.apache.org/maven2/com/github/Revxrsal/Lamp/common/3.3.4/common-3.3.4.pom
[15:55:42] [ServerMain/INFO]: [MavenLibraryResolver] Downloading https://jitpack.io/com/github/Revxrsal/Lamp/common/3.3.4/common-3.3.4.pom
[15:55:43] [ServerMain/INFO]: [MavenLibraryResolver] Downloading https://repo.maven.apache.org/maven2/com/github/Revxrsal/Lamp/bukkit/3.3.4/bukkit-3.3.4.pom
[15:55:43] [ServerMain/INFO]: [MavenLibraryResolver] Downloading https://jitpack.io/com/github/Revxrsal/Lamp/bukkit/3.3.4/bukkit-3.3.4.pom
[15:55:43] [ServerMain/INFO]: [MavenLibraryResolver] Downloading https://repo.maven.apache.org/maven2/dev/dejvokep/boosted-yaml/1.3.7/boosted-yaml-1.3.7.pom
[15:55:43] [ServerMain/INFO]: [MavenLibraryResolver] Downloading https://repo.maven.apache.org/maven2/dev/dejvokep/boosted-yaml-spigot/1.5/boosted-yaml-spigot-1.5.pom
[15:55:44] [ServerMain/INFO]: [MavenLibraryResolver] Downloading https://repo.maven.apache.org/maven2/com/google/inject/guice/7.0.0/guice-7.0.0.pom
[15:55:44] [ServerMain/INFO]: [MavenLibraryResolver] Downloading https://repo.maven.apache.org/maven2/com/google/inject/guice-parent/7.0.0/guice-parent-7.0.0.pom
[15:55:44] [ServerMain/INFO]: [MavenLibraryResolver] Downloading https://repo.maven.apache.org/maven2/com/google/google/5/google-5.pom
[15:55:44] [ServerMain/INFO]: [MavenLibraryResolver] Downloading https://repo.maven.apache.org/maven2/jakarta/inject/jakarta.inject-api/2.0.1/jakarta.inject-api-2.0.1.pom
[15:55:44] [ServerMain/INFO]: [MavenLibraryResolver] Downloading https://repo.maven.apache.org/maven2/org/eclipse/ee4j/project/1.0.6/project-1.0.6.pom
[15:55:44] [ServerMain/INFO]: [MavenLibraryResolver] Downloading https://repo.maven.apache.org/maven2/aopalliance/aopalliance/1.0/aopalliance-1.0.pom
[15:55:44] [ServerMain/INFO]: [MavenLibraryResolver] Downloading https://repo.maven.apache.org/maven2/com/google/guava/guava/31.0.1-jre/guava-31.0.1-jre.pom
[15:55:44] [ServerMain/INFO]: [MavenLibraryResolver] Downloading https://repo.maven.apache.org/maven2/com/google/guava/guava-parent/31.0.1-jre/guava-parent-31.0.1-jre.pom
[15:55:44] [ServerMain/INFO]: [MavenLibraryResolver] Downloading https://repo.maven.apache.org/maven2/com/google/guava/failureaccess/1.0.1/failureaccess-1.0.1.pom
[15:55:44] [ServerMain/INFO]: [MavenLibraryResolver] Downloading https://repo.maven.apache.org/maven2/com/google/guava/guava-parent/26.0-android/guava-parent-26.0-android.pom
[15:55:44] [ServerMain/INFO]: [MavenLibraryResolver] Downloading https://repo.maven.apache.org/maven2/com/google/guava/listenablefuture/9999.0-empty-to-avoid-conflict-with-guava/listenablefuture-9999.0-empty-to-avoid-conflict-with-guava.pom
[15:55:44] [ServerMain/INFO]: [MavenLibraryResolver] Downloading https://repo.maven.apache.org/maven2/com/google/code/findbugs/jsr305/3.0.2/jsr305-3.0.2.pom
[15:55:44] [ServerMain/INFO]: [MavenLibraryResolver] Downloading https://repo.maven.apache.org/maven2/org/checkerframework/checker-qual/3.12.0/checker-qual-3.12.0.pom
[15:55:44] [ServerMain/INFO]: [MavenLibraryResolver] Downloading https://repo.maven.apache.org/maven2/com/google/errorprone/error_prone_annotations/2.7.1/error_prone_annotations-2.7.1.pom
[15:55:45] [ServerMain/INFO]: [MavenLibraryResolver] Downloading https://repo.maven.apache.org/maven2/com/google/errorprone/error_prone_parent/2.7.1/error_prone_parent-2.7.1.pom
[15:55:45] [ServerMain/INFO]: [MavenLibraryResolver] Downloading https://repo.maven.apache.org/maven2/com/google/j2objc/j2objc-annotations/1.3/j2objc-annotations-1.3.pom
[15:55:45] [ServerMain/INFO]: [MavenLibraryResolver] Downloading https://repo.maven.apache.org/maven2/com/google/inject/extensions/guice-assistedinject/7.0.0/guice-assistedinject-7.0.0.pom
[15:55:45] [ServerMain/INFO]: [MavenLibraryResolver] Downloading https://repo.maven.apache.org/maven2/com/google/inject/extensions/extensions-parent/7.0.0/extensions-parent-7.0.0.pom
[15:55:45] [ServerMain/INFO]: [MavenLibraryResolver] Downloading https://repo.maven.apache.org/maven2/com/google/errorprone/error_prone_annotations/2.18.0/error_prone_annotations-2.18.0.pom
[15:55:45] [ServerMain/INFO]: [MavenLibraryResolver] Downloading https://repo.maven.apache.org/maven2/com/google/errorprone/error_prone_parent/2.18.0/error_prone_parent-2.18.0.pom
[15:55:45] [ServerMain/INFO]: [MavenLibraryResolver] Downloading https://repo.maven.apache.org/maven2/org/javassist/javassist/3.30.2-GA/javassist-3.30.2-GA.pom
[15:55:45] [ServerMain/INFO]: [MavenLibraryResolver] Downloading https://repo.maven.apache.org/maven2/net/bytebuddy/byte-buddy-agent/1.14.18/byte-buddy-agent-1.14.18.pom
[15:55:45] [ServerMain/INFO]: [MavenLibraryResolver] Downloading https://repo.maven.apache.org/maven2/net/bytebuddy/byte-buddy-parent/1.14.18/byte-buddy-parent-1.14.18.pom
[15:55:45] [ServerMain/INFO]: [MavenLibraryResolver] Downloading https://repo.maven.apache.org/maven2/com/github/marlester-dev/MCBotLib/1.2.0/MCBotLib-1.2.0.jar
[15:55:45] [BasicRepositoryConnector-repo.maven.apache.org-1-0/INFO]: [MavenLibraryResolver] Downloading https://repo.maven.apache.org/maven2/org/cloudburstmc/nbt/3.0.0.Final/nbt-3.0.0.Final.jar
[15:55:45] [BasicRepositoryConnector-repo.maven.apache.org-1-1/INFO]: [MavenLibraryResolver] Downloading https://repo.maven.apache.org/maven2/net/raphimc/MinecraftAuth/4.1.1/MinecraftAuth-4.1.1.jar
[15:55:45] [BasicRepositoryConnector-repo.maven.apache.org-1-2/INFO]: [MavenLibraryResolver] Downloading https://repo.maven.apache.org/maven2/net/lenni0451/commons/httpclient/1.6.0/httpclient-1.6.0.jar
[15:55:45] [BasicRepositoryConnector-repo.maven.apache.org-1-3/INFO]: [MavenLibraryResolver] Downloading https://repo.maven.apache.org/maven2/io/jsonwebtoken/jjwt-impl/0.12.6/jjwt-impl-0.12.6.jar
[15:55:45] [BasicRepositoryConnector-repo.maven.apache.org-1-4/INFO]: [MavenLibraryResolver] Downloading https://repo.maven.apache.org/maven2/io/jsonwebtoken/jjwt-api/0.12.6/jjwt-api-0.12.6.jar
[15:55:45] [BasicRepositoryConnector-repo.maven.apache.org-1-4/INFO]: [MavenLibraryResolver] Downloading https://repo.maven.apache.org/maven2/io/jsonwebtoken/jjwt-gson/0.12.6/jjwt-gson-0.12.6.jar
[15:55:45] [BasicRepositoryConnector-repo.maven.apache.org-1-2/INFO]: [MavenLibraryResolver] Downloading https://repo.maven.apache.org/maven2/org/slf4j/slf4j-api/2.0.9/slf4j-api-2.0.9.jar
[15:55:45] [BasicRepositoryConnector-repo.maven.apache.org-1-0/INFO]: [MavenLibraryResolver] Downloading https://repo.maven.apache.org/maven2/net/kyori/adventure-text-serializer-gson/4.17.0/adventure-text-serializer-gson-4.17.0.jar
[15:55:45] [BasicRepositoryConnector-repo.maven.apache.org-1-3/INFO]: [MavenLibraryResolver] Downloading https://repo.maven.apache.org/maven2/net/kyori/adventure-text-serializer-json/4.17.0/adventure-text-serializer-json-4.17.0.jar
[15:55:45] [BasicRepositoryConnector-repo.maven.apache.org-1-1/INFO]: [MavenLibraryResolver] Downloading https://repo.maven.apache.org/maven2/net/kyori/option/1.0.0/option-1.0.0.jar
[15:55:45] [BasicRepositoryConnector-repo.maven.apache.org-1-4/INFO]: [MavenLibraryResolver] Downloading https://repo.maven.apache.org/maven2/com/google/auto/service/auto-service-annotations/1.1.1/auto-service-annotations-1.1.1.jar
[15:55:45] [BasicRepositoryConnector-repo.maven.apache.org-1-2/INFO]: [MavenLibraryResolver] Downloading https://repo.maven.apache.org/maven2/net/kyori/adventure-text-serializer-json-legacy-impl/4.17.0/adventure-text-serializer-json-legacy-impl-4.17.0.jar
[15:55:45] [BasicRepositoryConnector-repo.maven.apache.org-1-3/INFO]: [MavenLibraryResolver] Downloading https://repo.maven.apache.org/maven2/net/kyori/adventure-api/4.17.0/adventure-api-4.17.0.jar
[15:55:45] [BasicRepositoryConnector-repo.maven.apache.org-1-1/INFO]: [MavenLibraryResolver] Downloading https://repo.maven.apache.org/maven2/net/kyori/adventure-key/4.17.0/adventure-key-4.17.0.jar
[15:55:45] [BasicRepositoryConnector-repo.maven.apache.org-1-0/INFO]: [MavenLibraryResolver] Downloading https://repo.maven.apache.org/maven2/org/jetbrains/annotations/24.1.0/annotations-24.1.0.jar
[15:55:45] [BasicRepositoryConnector-repo.maven.apache.org-1-4/INFO]: [MavenLibraryResolver] Downloading https://repo.maven.apache.org/maven2/net/kyori/adventure-nbt/4.17.0/adventure-nbt-4.17.0.jar
[15:55:45] [BasicRepositoryConnector-repo.maven.apache.org-1-3/INFO]: [MavenLibraryResolver] Downloading https://repo.maven.apache.org/maven2/org/cloudburstmc/math/api/2.0/api-2.0.jar
[15:55:45] [BasicRepositoryConnector-repo.maven.apache.org-1-1/INFO]: [MavenLibraryResolver] Downloading https://repo.maven.apache.org/maven2/org/cloudburstmc/math/immutable/2.0/immutable-2.0.jar
[15:55:45] [BasicRepositoryConnector-repo.maven.apache.org-1-0/INFO]: [MavenLibraryResolver] Downloading https://repo.maven.apache.org/maven2/com/nukkitx/fastutil/fastutil-object-int-maps/8.5.3/fastutil-object-int-maps-8.5.3.jar
[15:55:45] [BasicRepositoryConnector-repo.maven.apache.org-1-4/INFO]: [MavenLibraryResolver] Downloading https://repo.maven.apache.org/maven2/com/nukkitx/fastutil/fastutil-object-sets/8.5.3/fastutil-object-sets-8.5.3.jar
[15:55:45] [BasicRepositoryConnector-repo.maven.apache.org-1-2/INFO]: [MavenLibraryResolver] Downloading https://repo.maven.apache.org/maven2/com/nukkitx/fastutil/fastutil-object-common/8.5.3/fastutil-object-common-8.5.3.jar
[15:55:45] [BasicRepositoryConnector-repo.maven.apache.org-1-0/INFO]: [MavenLibraryResolver] Downloading https://repo.maven.apache.org/maven2/com/nukkitx/fastutil/fastutil-common/8.5.3/fastutil-common-8.5.3.jar
[15:55:46] [BasicRepositoryConnector-repo.maven.apache.org-1-3/INFO]: [MavenLibraryResolver] Downloading https://repo.maven.apache.org/maven2/com/nukkitx/fastutil/fastutil-int-sets/8.5.3/fastutil-int-sets-8.5.3.jar
[15:55:46] [BasicRepositoryConnector-repo.maven.apache.org-1-4/INFO]: [MavenLibraryResolver] Downloading https://repo.maven.apache.org/maven2/com/nukkitx/fastutil/fastutil-int-common/8.5.3/fastutil-int-common-8.5.3.jar
[15:55:46] [BasicRepositoryConnector-repo.maven.apache.org-1-1/INFO]: [MavenLibraryResolver] Downloading https://repo.maven.apache.org/maven2/com/nukkitx/fastutil/fastutil-int-object-maps/8.5.3/fastutil-int-object-maps-8.5.3.jar
[15:55:46] [BasicRepositoryConnector-repo.maven.apache.org-1-0/INFO]: [MavenLibraryResolver] Downloading https://repo.maven.apache.org/maven2/com/nukkitx/fastutil/fastutil-int-int-maps/8.5.3/fastutil-int-int-maps-8.5.3.jar
[15:55:46] [BasicRepositoryConnector-repo.maven.apache.org-1-3/INFO]: [MavenLibraryResolver] Downloading https://repo.maven.apache.org/maven2/io/netty/netty-all/4.1.103.Final/netty-all-4.1.103.Final.jar
[15:55:46] [BasicRepositoryConnector-repo.maven.apache.org-1-4/INFO]: [MavenLibraryResolver] Downloading https://repo.maven.apache.org/maven2/io/netty/netty-buffer/4.1.103.Final/netty-buffer-4.1.103.Final.jar
[15:55:46] [BasicRepositoryConnector-repo.maven.apache.org-1-2/INFO]: [MavenLibraryResolver] Downloading https://repo.maven.apache.org/maven2/io/netty/netty-codec/4.1.103.Final/netty-codec-4.1.103.Final.jar
[15:55:46] [BasicRepositoryConnector-repo.maven.apache.org-1-1/INFO]: [MavenLibraryResolver] Downloading https://repo.maven.apache.org/maven2/io/netty/netty-codec-dns/4.1.103.Final/netty-codec-dns-4.1.103.Final.jar
[15:55:46] [BasicRepositoryConnector-repo.maven.apache.org-1-4/INFO]: [MavenLibraryResolver] Downloading https://repo.maven.apache.org/maven2/io/netty/netty-codec-haproxy/4.1.103.Final/netty-codec-haproxy-4.1.103.Final.jar
[15:55:46] [BasicRepositoryConnector-repo.maven.apache.org-1-2/INFO]: [MavenLibraryResolver] Downloading https://repo.maven.apache.org/maven2/io/netty/netty-codec-http/4.1.103.Final/netty-codec-http-4.1.103.Final.jar
[15:55:46] [BasicRepositoryConnector-repo.maven.apache.org-1-1/INFO]: [MavenLibraryResolver] Downloading https://repo.maven.apache.org/maven2/io/netty/netty-codec-http2/4.1.103.Final/netty-codec-http2-4.1.103.Final.jar
[15:55:46] [BasicRepositoryConnector-repo.maven.apache.org-1-4/INFO]: [MavenLibraryResolver] Downloading https://repo.maven.apache.org/maven2/io/netty/netty-codec-memcache/4.1.103.Final/netty-codec-memcache-4.1.103.Final.jar
[15:55:46] [BasicRepositoryConnector-repo.maven.apache.org-1-3/INFO]: [MavenLibraryResolver] Downloading https://repo.maven.apache.org/maven2/io/netty/netty-codec-mqtt/4.1.103.Final/netty-codec-mqtt-4.1.103.Final.jar
[15:55:46] [BasicRepositoryConnector-repo.maven.apache.org-1-0/INFO]: [MavenLibraryResolver] Downloading https://repo.maven.apache.org/maven2/io/netty/netty-codec-redis/4.1.103.Final/netty-codec-redis-4.1.103.Final.jar
[15:55:46] [BasicRepositoryConnector-repo.maven.apache.org-1-4/INFO]: [MavenLibraryResolver] Downloading https://repo.maven.apache.org/maven2/io/netty/netty-codec-smtp/4.1.103.Final/netty-codec-smtp-4.1.103.Final.jar
[15:55:46] [BasicRepositoryConnector-repo.maven.apache.org-1-0/INFO]: [MavenLibraryResolver] Downloading https://repo.maven.apache.org/maven2/io/netty/netty-codec-socks/4.1.103.Final/netty-codec-socks-4.1.103.Final.jar
[15:55:46] [BasicRepositoryConnector-repo.maven.apache.org-1-2/INFO]: [MavenLibraryResolver] Downloading https://repo.maven.apache.org/maven2/io/netty/netty-codec-stomp/4.1.103.Final/netty-codec-stomp-4.1.103.Final.jar
[15:55:46] [BasicRepositoryConnector-repo.maven.apache.org-1-3/INFO]: [MavenLibraryResolver] Downloading https://repo.maven.apache.org/maven2/io/netty/netty-codec-xml/4.1.103.Final/netty-codec-xml-4.1.103.Final.jar
[15:55:46] [BasicRepositoryConnector-repo.maven.apache.org-1-1/INFO]: [MavenLibraryResolver] Downloading https://repo.maven.apache.org/maven2/io/netty/netty-common/4.1.103.Final/netty-common-4.1.103.Final.jar
[15:55:46] [BasicRepositoryConnector-repo.maven.apache.org-1-4/INFO]: [MavenLibraryResolver] Downloading https://repo.maven.apache.org/maven2/io/netty/netty-handler/4.1.103.Final/netty-handler-4.1.103.Final.jar
[15:55:46] [BasicRepositoryConnector-repo.maven.apache.org-1-1/INFO]: [MavenLibraryResolver] Downloading https://repo.maven.apache.org/maven2/io/netty/netty-transport-native-unix-common/4.1.103.Final/netty-transport-native-unix-common-4.1.103.Final.jar
[15:55:46] [BasicRepositoryConnector-repo.maven.apache.org-1-2/INFO]: [MavenLibraryResolver] Downloading https://repo.maven.apache.org/maven2/io/netty/netty-handler-proxy/4.1.103.Final/netty-handler-proxy-4.1.103.Final.jar
[15:55:46] [BasicRepositoryConnector-repo.maven.apache.org-1-0/INFO]: [MavenLibraryResolver] Downloading https://repo.maven.apache.org/maven2/io/netty/netty-handler-ssl-ocsp/4.1.103.Final/netty-handler-ssl-ocsp-4.1.103.Final.jar
[15:55:46] [BasicRepositoryConnector-repo.maven.apache.org-1-4/INFO]: [MavenLibraryResolver] Downloading https://repo.maven.apache.org/maven2/io/netty/netty-resolver/4.1.103.Final/netty-resolver-4.1.103.Final.jar
[15:55:46] [BasicRepositoryConnector-repo.maven.apache.org-1-3/INFO]: [MavenLibraryResolver] Downloading https://repo.maven.apache.org/maven2/io/netty/netty-resolver-dns/4.1.103.Final/netty-resolver-dns-4.1.103.Final.jar
[15:55:46] [BasicRepositoryConnector-repo.maven.apache.org-1-1/INFO]: [MavenLibraryResolver] Downloading https://repo.maven.apache.org/maven2/io/netty/netty-transport/4.1.103.Final/netty-transport-4.1.103.Final.jar
[15:55:46] [BasicRepositoryConnector-repo.maven.apache.org-1-0/INFO]: [MavenLibraryResolver] Downloading https://repo.maven.apache.org/maven2/io/netty/netty-transport-rxtx/4.1.103.Final/netty-transport-rxtx-4.1.103.Final.jar
[15:55:46] [BasicRepositoryConnector-repo.maven.apache.org-1-4/INFO]: [MavenLibraryResolver] Downloading https://repo.maven.apache.org/maven2/io/netty/netty-transport-sctp/4.1.103.Final/netty-transport-sctp-4.1.103.Final.jar
[15:55:46] [BasicRepositoryConnector-repo.maven.apache.org-1-1/INFO]: [MavenLibraryResolver] Downloading https://repo.maven.apache.org/maven2/io/netty/netty-transport-udt/4.1.103.Final/netty-transport-udt-4.1.103.Final.jar
[15:55:46] [BasicRepositoryConnector-repo.maven.apache.org-1-4/INFO]: [MavenLibraryResolver] Downloading https://repo.maven.apache.org/maven2/io/netty/netty-transport-classes-epoll/4.1.103.Final/netty-transport-classes-epoll-4.1.103.Final.jar
[15:55:46] [BasicRepositoryConnector-repo.maven.apache.org-1-0/INFO]: [MavenLibraryResolver] Downloading https://repo.maven.apache.org/maven2/io/netty/netty-transport-classes-kqueue/4.1.103.Final/netty-transport-classes-kqueue-4.1.103.Final.jar
[15:55:46] [BasicRepositoryConnector-repo.maven.apache.org-1-3/INFO]: [MavenLibraryResolver] Downloading https://repo.maven.apache.org/maven2/io/netty/netty-resolver-dns-classes-macos/4.1.103.Final/netty-resolver-dns-classes-macos-4.1.103.Final.jar
[15:55:46] [BasicRepositoryConnector-repo.maven.apache.org-1-2/INFO]: [MavenLibraryResolver] Downloading https://repo.maven.apache.org/maven2/io/netty/netty-transport-native-epoll/4.1.103.Final/netty-transport-native-epoll-4.1.103.Final-linux-x86_64.jar
[15:55:46] [BasicRepositoryConnector-repo.maven.apache.org-1-4/INFO]: [MavenLibraryResolver] Downloading https://repo.maven.apache.org/maven2/io/netty/netty-transport-native-epoll/4.1.103.Final/netty-transport-native-epoll-4.1.103.Final-linux-aarch_64.jar
[15:55:46] [BasicRepositoryConnector-repo.maven.apache.org-1-1/INFO]: [MavenLibraryResolver] Downloading https://repo.maven.apache.org/maven2/io/netty/netty-transport-native-epoll/4.1.103.Final/netty-transport-native-epoll-4.1.103.Final-linux-riscv64.jar
[15:55:46] [BasicRepositoryConnector-repo.maven.apache.org-1-0/INFO]: [MavenLibraryResolver] Downloading https://repo.maven.apache.org/maven2/io/netty/netty-transport-native-kqueue/4.1.103.Final/netty-transport-native-kqueue-4.1.103.Final-osx-x86_64.jar
[15:55:46] [BasicRepositoryConnector-repo.maven.apache.org-1-3/INFO]: [MavenLibraryResolver] Downloading https://repo.maven.apache.org/maven2/io/netty/netty-transport-native-kqueue/4.1.103.Final/netty-transport-native-kqueue-4.1.103.Final-osx-aarch_64.jar
[15:55:46] [BasicRepositoryConnector-repo.maven.apache.org-1-2/INFO]: [MavenLibraryResolver] Downloading https://repo.maven.apache.org/maven2/io/netty/netty-resolver-dns-native-macos/4.1.103.Final/netty-resolver-dns-native-macos-4.1.103.Final-osx-x86_64.jar
[15:55:46] [BasicRepositoryConnector-repo.maven.apache.org-1-4/INFO]: [MavenLibraryResolver] Downloading https://repo.maven.apache.org/maven2/io/netty/netty-resolver-dns-native-macos/4.1.103.Final/netty-resolver-dns-native-macos-4.1.103.Final-osx-aarch_64.jar
[15:55:46] [BasicRepositoryConnector-repo.maven.apache.org-1-0/INFO]: [MavenLibraryResolver] Downloading https://repo.maven.apache.org/maven2/io/netty/incubator/netty-incubator-transport-native-io_uring/0.0.24.Final/netty-incubator-transport-native-io_uring-0.0.24.Final.jar
[15:55:46] [BasicRepositoryConnector-repo.maven.apache.org-1-1/INFO]: [MavenLibraryResolver] Downloading https://repo.maven.apache.org/maven2/io/netty/incubator/netty-incubator-transport-classes-io_uring/0.0.24.Final/netty-incubator-transport-classes-io_uring-0.0.24.Final.jar
[15:55:46] [BasicRepositoryConnector-repo.maven.apache.org-1-4/INFO]: [MavenLibraryResolver] Downloading https://repo.maven.apache.org/maven2/org/checkerframework/checker-qual/3.42.0/checker-qual-3.42.0.jar
[15:55:46] [BasicRepositoryConnector-repo.maven.apache.org-1-2/INFO]: [MavenLibraryResolver] Downloading https://repo.maven.apache.org/maven2/com/github/Revxrsal/Lamp/common/3.3.4/common-3.3.4.jar
[15:55:46] [BasicRepositoryConnector-repo.maven.apache.org-1-1/INFO]: [MavenLibraryResolver] Downloading https://repo.maven.apache.org/maven2/com/github/Revxrsal/Lamp/bukkit/3.3.4/bukkit-3.3.4.jar
[15:55:46] [BasicRepositoryConnector-repo.maven.apache.org-1-3/INFO]: [MavenLibraryResolver] Downloading https://repo.maven.apache.org/maven2/dev/dejvokep/boosted-yaml/1.3.7/boosted-yaml-1.3.7.jar
[15:55:46] [BasicRepositoryConnector-repo.maven.apache.org-1-4/INFO]: [MavenLibraryResolver] Downloading https://repo.maven.apache.org/maven2/dev/dejvokep/boosted-yaml-spigot/1.5/boosted-yaml-spigot-1.5.jar
[15:55:46] [BasicRepositoryConnector-repo.maven.apache.org-1-3/INFO]: [MavenLibraryResolver] Downloading https://repo.maven.apache.org/maven2/com/google/inject/guice/7.0.0/guice-7.0.0.jar
[15:55:46] [BasicRepositoryConnector-repo.maven.apache.org-1-0/INFO]: [MavenLibraryResolver] Downloading https://repo.maven.apache.org/maven2/jakarta/inject/jakarta.inject-api/2.0.1/jakarta.inject-api-2.0.1.jar
[15:55:46] [BasicRepositoryConnector-repo.maven.apache.org-1-0/INFO]: [MavenLibraryResolver] Downloading https://repo.maven.apache.org/maven2/aopalliance/aopalliance/1.0/aopalliance-1.0.jar
[15:55:46] [BasicRepositoryConnector-repo.maven.apache.org-1-3/INFO]: [MavenLibraryResolver] Downloading https://repo.maven.apache.org/maven2/com/google/guava/guava/31.0.1-jre/guava-31.0.1-jre.jar
[15:55:46] [BasicRepositoryConnector-repo.maven.apache.org-1-1/INFO]: [MavenLibraryResolver] Downloading https://repo.maven.apache.org/maven2/com/google/guava/failureaccess/1.0.1/failureaccess-1.0.1.jar
[15:55:46] [BasicRepositoryConnector-repo.maven.apache.org-1-2/INFO]: [MavenLibraryResolver] Downloading https://repo.maven.apache.org/maven2/com/google/j2objc/j2objc-annotations/1.3/j2objc-annotations-1.3.jar
[15:55:46] [BasicRepositoryConnector-repo.maven.apache.org-1-0/INFO]: [MavenLibraryResolver] Downloading https://repo.maven.apache.org/maven2/com/google/inject/extensions/guice-assistedinject/7.0.0/guice-assistedinject-7.0.0.jar
[15:55:46] [BasicRepositoryConnector-repo.maven.apache.org-1-1/INFO]: [MavenLibraryResolver] Downloading https://repo.maven.apache.org/maven2/com/google/errorprone/error_prone_annotations/2.18.0/error_prone_annotations-2.18.0.jar
[15:55:46] [BasicRepositoryConnector-repo.maven.apache.org-1-4/INFO]: [MavenLibraryResolver] Downloading https://repo.maven.apache.org/maven2/org/javassist/javassist/3.30.2-GA/javassist-3.30.2-GA.jar
[15:55:46] [BasicRepositoryConnector-repo.maven.apache.org-1-2/INFO]: [MavenLibraryResolver] Downloading https://repo.maven.apache.org/maven2/net/bytebuddy/byte-buddy-agent/1.14.18/byte-buddy-agent-1.14.18.jar
[15:55:46] [ServerMain/INFO]: [MavenLibraryResolver] Downloading https://jitpack.io/com/github/marlester-dev/MCBotLib/1.2.0/MCBotLib-1.2.0.jar
[15:55:47] [BasicRepositoryConnector-jitpack.io-2-0/INFO]: [MavenLibraryResolver] Downloading https://jitpack.io/org/cloudburstmc/math/api/2.0/api-2.0.jar
[15:55:47] [BasicRepositoryConnector-jitpack.io-2-1/INFO]: [MavenLibraryResolver] Downloading https://jitpack.io/org/cloudburstmc/math/immutable/2.0/immutable-2.0.jar
[15:55:47] [BasicRepositoryConnector-jitpack.io-2-2/INFO]: [MavenLibraryResolver] Downloading https://jitpack.io/com/nukkitx/fastutil/fastutil-object-int-maps/8.5.3/fastutil-object-int-maps-8.5.3.jar
[15:55:47] [BasicRepositoryConnector-jitpack.io-2-3/INFO]: [MavenLibraryResolver] Downloading https://jitpack.io/com/nukkitx/fastutil/fastutil-object-sets/8.5.3/fastutil-object-sets-8.5.3.jar
[15:55:47] [BasicRepositoryConnector-jitpack.io-2-4/INFO]: [MavenLibraryResolver] Downloading https://jitpack.io/com/nukkitx/fastutil/fastutil-object-common/8.5.3/fastutil-object-common-8.5.3.jar
[15:55:47] [BasicRepositoryConnector-jitpack.io-2-0/INFO]: [MavenLibraryResolver] Downloading https://jitpack.io/com/nukkitx/fastutil/fastutil-common/8.5.3/fastutil-common-8.5.3.jar
[15:55:47] [BasicRepositoryConnector-jitpack.io-2-3/INFO]: [MavenLibraryResolver] Downloading https://jitpack.io/com/nukkitx/fastutil/fastutil-int-sets/8.5.3/fastutil-int-sets-8.5.3.jar
[15:55:47] [BasicRepositoryConnector-jitpack.io-2-1/INFO]: [MavenLibraryResolver] Downloading https://jitpack.io/com/nukkitx/fastutil/fastutil-int-common/8.5.3/fastutil-int-common-8.5.3.jar
[15:55:47] [BasicRepositoryConnector-jitpack.io-2-2/INFO]: [MavenLibraryResolver] Downloading https://jitpack.io/com/nukkitx/fastutil/fastutil-int-object-maps/8.5.3/fastutil-int-object-maps-8.5.3.jar
[15:55:47] [BasicRepositoryConnector-jitpack.io-2-0/INFO]: [MavenLibraryResolver] Downloading https://jitpack.io/com/nukkitx/fastutil/fastutil-int-int-maps/8.5.3/fastutil-int-int-maps-8.5.3.jar
[15:55:47] [BasicRepositoryConnector-jitpack.io-2-2/INFO]: [MavenLibraryResolver] Downloading https://jitpack.io/com/github/Revxrsal/Lamp/common/3.3.4/common-3.3.4.jar
[15:55:47] [BasicRepositoryConnector-jitpack.io-2-3/INFO]: [MavenLibraryResolver] Downloading https://jitpack.io/com/github/Revxrsal/Lamp/bukkit/3.3.4/bukkit-3.3.4.jar
[15:55:50] [ServerMain/INFO]: [MavenLibraryResolver] Downloading https://repo.opencollab.dev/maven-releases/org/cloudburstmc/math/api/2.0/api-2.0.jar
[15:55:51] [BasicRepositoryConnector-repo.opencollab.dev-3-0/INFO]: [MavenLibraryResolver] Downloading https://repo.opencollab.dev/maven-releases/org/cloudburstmc/math/immutable/2.0/immutable-2.0.jar
[15:55:51] [BasicRepositoryConnector-repo.opencollab.dev-3-1/INFO]: [MavenLibraryResolver] Downloading https://repo.opencollab.dev/maven-releases/com/nukkitx/fastutil/fastutil-object-int-maps/8.5.3/fastutil-object-int-maps-8.5.3.jar
[15:55:51] [BasicRepositoryConnector-repo.opencollab.dev-3-2/INFO]: [MavenLibraryResolver] Downloading https://repo.opencollab.dev/maven-releases/com/nukkitx/fastutil/fastutil-object-sets/8.5.3/fastutil-object-sets-8.5.3.jar
[15:55:51] [BasicRepositoryConnector-repo.opencollab.dev-3-3/INFO]: [MavenLibraryResolver] Downloading https://repo.opencollab.dev/maven-releases/com/nukkitx/fastutil/fastutil-object-common/8.5.3/fastutil-object-common-8.5.3.jar
[15:55:51] [BasicRepositoryConnector-repo.opencollab.dev-3-4/INFO]: [MavenLibraryResolver] Downloading https://repo.opencollab.dev/maven-releases/com/nukkitx/fastutil/fastutil-common/8.5.3/fastutil-common-8.5.3.jar
[15:55:52] [BasicRepositoryConnector-repo.opencollab.dev-3-3/INFO]: [MavenLibraryResolver] Downloading https://repo.opencollab.dev/maven-releases/com/nukkitx/fastutil/fastutil-int-sets/8.5.3/fastutil-int-sets-8.5.3.jar
[15:55:52] [BasicRepositoryConnector-repo.opencollab.dev-3-2/INFO]: [MavenLibraryResolver] Downloading https://repo.opencollab.dev/maven-releases/com/nukkitx/fastutil/fastutil-int-common/8.5.3/fastutil-int-common-8.5.3.jar
[15:55:52] [BasicRepositoryConnector-repo.opencollab.dev-3-1/INFO]: [MavenLibraryResolver] Downloading https://repo.opencollab.dev/maven-releases/com/nukkitx/fastutil/fastutil-int-object-maps/8.5.3/fastutil-int-object-maps-8.5.3.jar
[15:55:52] [BasicRepositoryConnector-repo.opencollab.dev-3-0/INFO]: [MavenLibraryResolver] Downloading https://repo.opencollab.dev/maven-releases/com/nukkitx/fastutil/fastutil-int-int-maps/8.5.3/fastutil-int-int-maps-8.5.3.jar
[15:55:54] [ServerMain/INFO]: [MavenLibraryResolver] Downloading https://repo.opencollab.dev/maven-snapshots/org/geysermc/mcprotocollib/protocol/1.21.4-SNAPSHOT/protocol-1.21.4-20250612.174129-27.jar
[15:55:57] [ServerMain/INFO]: [PluginInitializerManager] Initialized 9 plugins
[15:55:57] [ServerMain/INFO]: [PluginInitializerManager] Paper plugins (1):
 - RFP (4.1.4)
[15:55:57] [ServerMain/INFO]: [PluginInitializerManager] Bukkit plugins (8):
 - KeepChunks (1.7.3), Multiverse-Core (5.3.0), Multiverse-Inventories (5.1.3), NotTooExpensive (1.3.4), ScheduledStop (1.0.0), ViaBackwards (5.5.1), ViaVersion (5.5.1), playit-gg (0.1.4)
[15:56:02] [ServerMain/INFO]: Environment: Environment[sessionHost=https://sessionserver.mojang.com, servicesHost=https://api.minecraftservices.com, name=PROD]
[15:56:04] [ServerMain/INFO]: Loaded 1407 recipes
[15:56:04] [ServerMain/INFO]: Loaded 1520 advancements
[15:56:04] [ServerMain/INFO]: [ca.spottedleaf.dataconverter.minecraft.datatypes.MCTypeRegistry] Initialising converters for DataConverter...
[15:56:04] [ServerMain/INFO]: [ca.spottedleaf.dataconverter.minecraft.datatypes.MCTypeRegistry] Finished initialising converters for DataConverter in 433.5ms
[15:56:04] [Server thread/INFO]: Starting minecraft server version 1.21.8
[15:56:04] [Server thread/INFO]: Loading properties
[15:56:04] [Server thread/INFO]: This server is running Purpur version 1.21.8-2497-HEAD@a49cdb9 (2025-09-19T01:51:04Z) (Implementing API version 1.21.8-R0.1-SNAPSHOT)
[15:56:04] [Server thread/INFO]: [spark] This server bundles the spark profiler. For more information please visit https://docs.papermc.io/paper/profiling
[15:56:04] [Server thread/INFO]: Server Ping Player Sample Count: 12
[15:56:04] [Server thread/INFO]: Using 4 threads for Netty based IO
[15:56:05] [Server thread/INFO]: [MoonriseCommon] Paper is using 1 worker threads, 1 I/O threads
[15:56:05] [Server thread/INFO]: [ChunkTaskScheduler] Chunk system is using population gen parallelism: true
[15:56:05] [Server thread/INFO]: Default game type: ADVENTURE
[15:56:05] [Server thread/INFO]: Generating keypair
[15:56:05] [Server thread/INFO]: Starting Minecraft server on *:25565
[15:56:05] [Server thread/INFO]: Using epoll channel type
[15:56:05] [Server thread/INFO]: Paper: Using libdeflate (Linux x86_64) compression from Velocity.
[15:56:05] [Server thread/INFO]: Paper: Using OpenSSL 3.x.x (Linux x86_64) cipher from Velocity.
[15:56:05] [Server thread/ERROR]: [ModernPluginLoadingStrategy] Could not load 'plugins/RFP-4.1.4.jar' in 'plugins'
org.bukkit.plugin.UnknownDependencyException: Unknown/missing dependency plugins: [MiniPlaceholders]. Please download and install these plugins to run 'RFP'.
	at io.papermc.paper.plugin.entrypoint.strategy.modern.ModernPluginLoadingStrategy.loadProviders(ModernPluginLoadingStrategy.java:82) ~[purpur-1.21.8.jar:1.21.8-2497-a49cdb9]
	at io.papermc.paper.plugin.storage.SimpleProviderStorage.enter(SimpleProviderStorage.java:38) ~[purpur-1.21.8.jar:1.21.8-2497-a49cdb9]
	at io.papermc.paper.plugin.entrypoint.LaunchEntryPointHandler.enter(LaunchEntryPointHandler.java:39) ~[purpur-1.21.8.jar:1.21.8-2497-a49cdb9]
	at org.bukkit.craftbukkit.CraftServer.loadPlugins(CraftServer.java:581) ~[purpur-1.21.8.jar:1.21.8-2497-a49cdb9]
	at net.minecraft.server.dedicated.DedicatedServer.initServer(DedicatedServer.java:269) ~[purpur-1.21.8.jar:1.21.8-2497-a49cdb9]
	at net.minecraft.server.MinecraftServer.runServer(MinecraftServer.java:1179) ~[purpur-1.21.8.jar:1.21.8-2497-a49cdb9]
	at net.minecraft.server.MinecraftServer.lambda$spin$2(MinecraftServer.java:313) ~[purpur-1.21.8.jar:1.21.8-2497-a49cdb9]
	at java.base/java.lang.Thread.run(Thread.java:1583) ~[?:?]
[15:56:06] [Server thread/INFO]: [CoreLogging] Loading server plugin Multiverse-Core v5.3.0
[15:56:06] [Server thread/INFO]: [ViaVersion] Loading server plugin ViaVersion v5.5.1
[15:56:06] [Server thread/INFO]: [ViaVersion] ViaVersion 5.5.1 is now loaded. Registering protocol transformers and injecting...
[15:56:06] [Via-Mappingloader-0/INFO]: [ViaVersion] Loading block connection mappings ...
[15:56:07] [Via-Mappingloader-0/INFO]: [ViaVersion] Using FastUtil Long2ObjectOpenHashMap for block connections
[15:56:07] [Server thread/INFO]: [ViaBackwards] Loading translations...
[15:56:07] [Server thread/INFO]: [ViaBackwards] Registering protocols...
[15:56:08] [Server thread/INFO]: [NotTooExpensive] Loading server plugin NotTooExpensive v1.3.4
[15:56:08] [Server thread/INFO]: [KeepChunks] Loading server plugin KeepChunks v1.7.3
[15:56:08] [Server thread/INFO]: [playit-gg] Loading server plugin playit-gg v0.1.4
[15:56:08] [Server thread/INFO]: [ViaBackwards] Loading server plugin ViaBackwards v5.5.1
[15:56:08] [Server thread/INFO]: [Multiverse-Inventories] Loading server plugin Multiverse-Inventories v5.1.3
[15:56:08] [Server thread/INFO]: [ScheduledStop] Loading server plugin ScheduledStop v1.0.0
[15:56:08] [Server thread/INFO]: Server permissions file permissions.yml is empty, ignoring it
[15:56:08] [Server thread/INFO]: Preparing level "WeltMitKurosh"
[15:56:08] [Server thread/INFO]: Preparing start region for dimension minecraft:overworld
[15:56:09] [Server thread/INFO]: Preparing spawn area: 0%
[15:56:09] [Server thread/INFO]: Preparing spawn area: 4%
[15:56:09] [Server thread/INFO]: Preparing spawn area: 100%
[15:56:09] [Server thread/INFO]: Time elapsed: 1010 ms
[15:56:09] [Server thread/INFO]: Preparing start region for dimension minecraft:the_nether
[15:56:09] [Server thread/INFO]: Preparing spawn area: 0%
[15:56:10] [Server thread/INFO]: Time elapsed: 389 ms
[15:56:10] [Server thread/INFO]: Preparing start region for dimension minecraft:the_end
[15:56:10] [Server thread/INFO]: Preparing spawn area: 0%
[15:56:10] [Server thread/INFO]: Time elapsed: 171 ms
[15:56:10] [Server thread/INFO]: [Multiverse-Core] Enabling Multiverse-Core v5.3.0
